{"D:\\pianoTiles\\birthday-piano-app\\src\\App.js": {"path":"D:\\pianoTiles\\birthday-piano-app\\src\\App.js","statementMap":{"0":{"start":{"line":7,"column":30},"end":{"line":1585,"column":1}},"1":{"start":{"line":8,"column":34},"end":{"line":8,"column":55}},"2":{"start":{"line":9,"column":40},"end":{"line":9,"column":55}},"3":{"start":{"line":10,"column":44},"end":{"line":10,"column":59}},"4":{"start":{"line":11,"column":48},"end":{"line":11,"column":63}},"5":{"start":{"line":13,"column":34},"end":{"line":13,"column":45}},"6":{"start":{"line":14,"column":42},"end":{"line":14,"column":53}},"7":{"start":{"line":15,"column":28},"end":{"line":15,"column":39}},"8":{"start":{"line":16,"column":34},"end":{"line":16,"column":46}},"9":{"start":{"line":17,"column":38},"end":{"line":17,"column":53}},"10":{"start":{"line":18,"column":40},"end":{"line":18,"column":52}},"11":{"start":{"line":19,"column":42},"end":{"line":19,"column":54}},"12":{"start":{"line":20,"column":34},"end":{"line":20,"column":49}},"13":{"start":{"line":21,"column":28},"end":{"line":21,"column":39}},"14":{"start":{"line":22,"column":40},"end":{"line":22,"column":55}},"15":{"start":{"line":23,"column":46},"end":{"line":23,"column":61}},"16":{"start":{"line":26,"column":48},"end":{"line":26,"column":63}},"17":{"start":{"line":27,"column":56},"end":{"line":27,"column":71}},"18":{"start":{"line":28,"column":34},"end":{"line":28,"column":46}},"19":{"start":{"line":29,"column":46},"end":{"line":33,"column":4}},"20":{"start":{"line":34,"column":28},"end":{"line":34,"column":39}},"21":{"start":{"line":35,"column":34},"end":{"line":35,"column":45}},"22":{"start":{"line":36,"column":32},"end":{"line":36,"column":47}},"23":{"start":{"line":39,"column":50},"end":{"line":39,"column":65}},"24":{"start":{"line":40,"column":50},"end":{"line":40,"column":65}},"25":{"start":{"line":41,"column":44},"end":{"line":41,"column":58}},"26":{"start":{"line":42,"column":44},"end":{"line":42,"column":58}},"27":{"start":{"line":43,"column":34},"end":{"line":43,"column":46}},"28":{"start":{"line":44,"column":30},"end":{"line":44,"column":42}},"29":{"start":{"line":45,"column":42},"end":{"line":45,"column":56}},"30":{"start":{"line":48,"column":27},"end":{"line":81,"column":8}},"31":{"start":{"line":49,"column":21},"end":{"line":49,"column":23}},"32":{"start":{"line":51,"column":4},"end":{"line":59,"column":5}},"33":{"start":{"line":51,"column":17},"end":{"line":51,"column":18}},"34":{"start":{"line":52,"column":6},"end":{"line":58,"column":9}},"35":{"start":{"line":61,"column":4},"end":{"line":69,"column":5}},"36":{"start":{"line":61,"column":17},"end":{"line":61,"column":18}},"37":{"start":{"line":62,"column":6},"end":{"line":68,"column":9}},"38":{"start":{"line":71,"column":4},"end":{"line":79,"column":5}},"39":{"start":{"line":71,"column":17},"end":{"line":71,"column":18}},"40":{"start":{"line":72,"column":6},"end":{"line":78,"column":9}},"41":{"start":{"line":80,"column":4},"end":{"line":80,"column":20}},"42":{"start":{"line":83,"column":26},"end":{"line":83,"column":38}},"43":{"start":{"line":84,"column":22},"end":{"line":84,"column":34}},"44":{"start":{"line":85,"column":27},"end":{"line":85,"column":36}},"45":{"start":{"line":86,"column":31},"end":{"line":86,"column":41}},"46":{"start":{"line":87,"column":29},"end":{"line":87,"column":41}},"47":{"start":{"line":90,"column":21},"end":{"line":90,"column":71}},"48":{"start":{"line":90,"column":35},"end":{"line":90,"column":66}},"49":{"start":{"line":93,"column":29},"end":{"line":106,"column":8}},"50":{"start":{"line":93,"column":43},"end":{"line":106,"column":3}},"51":{"start":{"line":109,"column":23},"end":{"line":115,"column":9}},"52":{"start":{"line":109,"column":38},"end":{"line":115,"column":3}},"53":{"start":{"line":119,"column":16},"end":{"line":149,"column":8}},"54":{"start":{"line":119,"column":30},"end":{"line":149,"column":3}},"55":{"start":{"line":152,"column":22},"end":{"line":154,"column":7}},"56":{"start":{"line":153,"column":4},"end":{"line":153,"column":610}},"57":{"start":{"line":157,"column":2},"end":{"line":179,"column":19}},"58":{"start":{"line":159,"column":4},"end":{"line":159,"column":24}},"59":{"start":{"line":161,"column":30},"end":{"line":174,"column":5}},"60":{"start":{"line":162,"column":18},"end":{"line":162,"column":28}},"61":{"start":{"line":163,"column":6},"end":{"line":173,"column":7}},"62":{"start":{"line":164,"column":8},"end":{"line":164,"column":28}},"63":{"start":{"line":166,"column":25},"end":{"line":166,"column":41}},"64":{"start":{"line":167,"column":21},"end":{"line":167,"column":65}},"65":{"start":{"line":168,"column":22},"end":{"line":168,"column":87}},"66":{"start":{"line":169,"column":24},"end":{"line":169,"column":79}},"67":{"start":{"line":170,"column":24},"end":{"line":170,"column":67}},"68":{"start":{"line":172,"column":8},"end":{"line":172,"column":66}},"69":{"start":{"line":176,"column":4},"end":{"line":176,"column":24}},"70":{"start":{"line":177,"column":21},"end":{"line":177,"column":57}},"71":{"start":{"line":178,"column":4},"end":{"line":178,"column":41}},"72":{"start":{"line":178,"column":17},"end":{"line":178,"column":40}},"73":{"start":{"line":182,"column":2},"end":{"line":187,"column":26}},"74":{"start":{"line":183,"column":4},"end":{"line":186,"column":5}},"75":{"start":{"line":184,"column":25},"end":{"line":184,"column":72}},"76":{"start":{"line":185,"column":6},"end":{"line":185,"column":33}},"77":{"start":{"line":191,"column":27},"end":{"line":224,"column":8}},"78":{"start":{"line":192,"column":4},"end":{"line":194,"column":5}},"79":{"start":{"line":193,"column":6},"end":{"line":193,"column":89}},"80":{"start":{"line":196,"column":25},"end":{"line":196,"column":48}},"81":{"start":{"line":197,"column":28},"end":{"line":218,"column":5}},"82":{"start":{"line":198,"column":6},"end":{"line":217,"column":16}},"83":{"start":{"line":199,"column":8},"end":{"line":216,"column":11}},"84":{"start":{"line":200,"column":29},"end":{"line":200,"column":60}},"85":{"start":{"line":201,"column":27},"end":{"line":201,"column":52}},"86":{"start":{"line":203,"column":10},"end":{"line":203,"column":39}},"87":{"start":{"line":204,"column":10},"end":{"line":204,"column":53}},"88":{"start":{"line":206,"column":10},"end":{"line":206,"column":78}},"89":{"start":{"line":207,"column":10},"end":{"line":207,"column":35}},"90":{"start":{"line":209,"column":22},"end":{"line":209,"column":46}},"91":{"start":{"line":210,"column":10},"end":{"line":210,"column":47}},"92":{"start":{"line":211,"column":10},"end":{"line":211,"column":65}},"93":{"start":{"line":212,"column":10},"end":{"line":212,"column":72}},"94":{"start":{"line":214,"column":10},"end":{"line":214,"column":32}},"95":{"start":{"line":215,"column":10},"end":{"line":215,"column":37}},"96":{"start":{"line":221,"column":4},"end":{"line":221,"column":49}},"97":{"start":{"line":222,"column":4},"end":{"line":222,"column":52}},"98":{"start":{"line":223,"column":4},"end":{"line":223,"column":52}},"99":{"start":{"line":227,"column":2},"end":{"line":248,"column":45}},"100":{"start":{"line":228,"column":4},"end":{"line":247,"column":5}},"101":{"start":{"line":229,"column":23},"end":{"line":245,"column":13}},"102":{"start":{"line":230,"column":8},"end":{"line":244,"column":11}},"103":{"start":{"line":231,"column":26},"end":{"line":231,"column":37}},"104":{"start":{"line":232,"column":10},"end":{"line":242,"column":13}},"105":{"start":{"line":233,"column":12},"end":{"line":241,"column":13}},"106":{"start":{"line":234,"column":14},"end":{"line":234,"column":43}},"107":{"start":{"line":235,"column":14},"end":{"line":240,"column":15}},"108":{"start":{"line":236,"column":16},"end":{"line":236,"column":44}},"109":{"start":{"line":237,"column":16},"end":{"line":239,"column":17}},"110":{"start":{"line":238,"column":18},"end":{"line":238,"column":46}},"111":{"start":{"line":243,"column":10},"end":{"line":243,"column":25}},"112":{"start":{"line":246,"column":6},"end":{"line":246,"column":43}},"113":{"start":{"line":246,"column":19},"end":{"line":246,"column":42}},"114":{"start":{"line":251,"column":23},"end":{"line":266,"column":20}},"115":{"start":{"line":252,"column":4},"end":{"line":265,"column":5}},"116":{"start":{"line":253,"column":20},"end":{"line":253,"column":45}},"117":{"start":{"line":254,"column":25},"end":{"line":254,"column":72}},"118":{"start":{"line":256,"column":25},"end":{"line":262,"column":7}},"119":{"start":{"line":264,"column":6},"end":{"line":264,"column":49}},"120":{"start":{"line":264,"column":26},"end":{"line":264,"column":47}},"121":{"start":{"line":269,"column":25},"end":{"line":337,"column":20}},"122":{"start":{"line":270,"column":4},"end":{"line":297,"column":7}},"123":{"start":{"line":271,"column":22},"end":{"line":271,"column":56}},"124":{"start":{"line":271,"column":37},"end":{"line":271,"column":55}},"125":{"start":{"line":272,"column":6},"end":{"line":272,"column":32}},"126":{"start":{"line":272,"column":20},"end":{"line":272,"column":32}},"127":{"start":{"line":275,"column":32},"end":{"line":275,"column":61}},"128":{"start":{"line":276,"column":6},"end":{"line":276,"column":72}},"129":{"start":{"line":277,"column":6},"end":{"line":277,"column":72}},"130":{"start":{"line":278,"column":6},"end":{"line":278,"column":58}},"131":{"start":{"line":279,"column":6},"end":{"line":286,"column":8}},"132":{"start":{"line":287,"column":6},"end":{"line":287,"column":74}},"133":{"start":{"line":290,"column":6},"end":{"line":294,"column":15}},"134":{"start":{"line":291,"column":8},"end":{"line":293,"column":9}},"135":{"start":{"line":292,"column":10},"end":{"line":292,"column":70}},"136":{"start":{"line":296,"column":6},"end":{"line":296,"column":50}},"137":{"start":{"line":296,"column":30},"end":{"line":296,"column":48}},"138":{"start":{"line":299,"column":4},"end":{"line":329,"column":5}},"139":{"start":{"line":301,"column":8},"end":{"line":301,"column":48}},"140":{"start":{"line":301,"column":25},"end":{"line":301,"column":46}},"141":{"start":{"line":302,"column":8},"end":{"line":302,"column":14}},"142":{"start":{"line":304,"column":8},"end":{"line":307,"column":12}},"143":{"start":{"line":304,"column":35},"end":{"line":307,"column":9}},"144":{"start":{"line":308,"column":8},"end":{"line":308,"column":14}},"145":{"start":{"line":310,"column":8},"end":{"line":313,"column":12}},"146":{"start":{"line":310,"column":35},"end":{"line":313,"column":9}},"147":{"start":{"line":314,"column":8},"end":{"line":314,"column":14}},"148":{"start":{"line":316,"column":8},"end":{"line":319,"column":12}},"149":{"start":{"line":316,"column":35},"end":{"line":319,"column":9}},"150":{"start":{"line":320,"column":8},"end":{"line":320,"column":14}},"151":{"start":{"line":322,"column":8},"end":{"line":325,"column":12}},"152":{"start":{"line":322,"column":35},"end":{"line":325,"column":9}},"153":{"start":{"line":326,"column":8},"end":{"line":326,"column":14}},"154":{"start":{"line":328,"column":8},"end":{"line":328,"column":14}},"155":{"start":{"line":332,"column":4},"end":{"line":336,"column":5}},"156":{"start":{"line":333,"column":6},"end":{"line":333,"column":28}},"157":{"start":{"line":335,"column":6},"end":{"line":335,"column":51}},"158":{"start":{"line":339,"column":19},"end":{"line":383,"column":3}},"159":{"start":{"line":340,"column":4},"end":{"line":342,"column":5}},"160":{"start":{"line":341,"column":6},"end":{"line":341,"column":89}},"161":{"start":{"line":344,"column":25},"end":{"line":344,"column":48}},"162":{"start":{"line":345,"column":23},"end":{"line":345,"column":54}},"163":{"start":{"line":346,"column":21},"end":{"line":346,"column":46}},"164":{"start":{"line":348,"column":4},"end":{"line":348,"column":33}},"165":{"start":{"line":349,"column":4},"end":{"line":349,"column":47}},"166":{"start":{"line":351,"column":4},"end":{"line":351,"column":77}},"167":{"start":{"line":352,"column":4},"end":{"line":352,"column":29}},"168":{"start":{"line":354,"column":16},"end":{"line":354,"column":40}},"169":{"start":{"line":357,"column":4},"end":{"line":357,"column":41}},"170":{"start":{"line":358,"column":4},"end":{"line":358,"column":60}},"171":{"start":{"line":359,"column":4},"end":{"line":359,"column":64}},"172":{"start":{"line":360,"column":4},"end":{"line":360,"column":68}},"173":{"start":{"line":361,"column":4},"end":{"line":361,"column":79}},"174":{"start":{"line":363,"column":4},"end":{"line":363,"column":26}},"175":{"start":{"line":364,"column":4},"end":{"line":364,"column":43}},"176":{"start":{"line":367,"column":4},"end":{"line":367,"column":50}},"177":{"start":{"line":370,"column":4},"end":{"line":372,"column":6}},"178":{"start":{"line":371,"column":6},"end":{"line":371,"column":100}},"179":{"start":{"line":371,"column":80},"end":{"line":371,"column":98}},"180":{"start":{"line":375,"column":4},"end":{"line":382,"column":5}},"181":{"start":{"line":376,"column":24},"end":{"line":376,"column":60}},"182":{"start":{"line":377,"column":6},"end":{"line":381,"column":7}},"183":{"start":{"line":378,"column":8},"end":{"line":378,"column":25}},"184":{"start":{"line":386,"column":30},"end":{"line":431,"column":35}},"185":{"start":{"line":387,"column":4},"end":{"line":389,"column":5}},"186":{"start":{"line":388,"column":6},"end":{"line":388,"column":89}},"187":{"start":{"line":392,"column":4},"end":{"line":394,"column":5}},"188":{"start":{"line":393,"column":6},"end":{"line":393,"column":47}},"189":{"start":{"line":396,"column":27},"end":{"line":428,"column":5}},"190":{"start":{"line":397,"column":6},"end":{"line":401,"column":7}},"191":{"start":{"line":399,"column":8},"end":{"line":399,"column":79}},"192":{"start":{"line":399,"column":54},"end":{"line":399,"column":71}},"193":{"start":{"line":400,"column":8},"end":{"line":400,"column":15}},"194":{"start":{"line":403,"column":19},"end":{"line":403,"column":48}},"195":{"start":{"line":404,"column":27},"end":{"line":404,"column":50}},"196":{"start":{"line":405,"column":25},"end":{"line":405,"column":56}},"197":{"start":{"line":406,"column":23},"end":{"line":406,"column":48}},"198":{"start":{"line":408,"column":6},"end":{"line":408,"column":35}},"199":{"start":{"line":409,"column":6},"end":{"line":409,"column":49}},"200":{"start":{"line":411,"column":6},"end":{"line":411,"column":84}},"201":{"start":{"line":412,"column":6},"end":{"line":412,"column":31}},"202":{"start":{"line":414,"column":18},"end":{"line":414,"column":42}},"203":{"start":{"line":417,"column":6},"end":{"line":417,"column":43}},"204":{"start":{"line":418,"column":6},"end":{"line":418,"column":82}},"205":{"start":{"line":419,"column":6},"end":{"line":419,"column":86}},"206":{"start":{"line":420,"column":6},"end":{"line":420,"column":95}},"207":{"start":{"line":421,"column":6},"end":{"line":421,"column":86}},"208":{"start":{"line":423,"column":6},"end":{"line":423,"column":28}},"209":{"start":{"line":424,"column":6},"end":{"line":424,"column":50}},"210":{"start":{"line":427,"column":6},"end":{"line":427,"column":98}},"211":{"start":{"line":427,"column":52},"end":{"line":427,"column":81}},"212":{"start":{"line":430,"column":4},"end":{"line":430,"column":22}},"213":{"start":{"line":434,"column":30},"end":{"line":439,"column":8}},"214":{"start":{"line":435,"column":4},"end":{"line":438,"column":5}},"215":{"start":{"line":436,"column":6},"end":{"line":436,"column":47}},"216":{"start":{"line":437,"column":6},"end":{"line":437,"column":40}},"217":{"start":{"line":442,"column":2},"end":{"line":452,"column":75}},"218":{"start":{"line":443,"column":4},"end":{"line":451,"column":5}},"219":{"start":{"line":445,"column":20},"end":{"line":447,"column":13}},"220":{"start":{"line":446,"column":8},"end":{"line":446,"column":30}},"221":{"start":{"line":448,"column":6},"end":{"line":448,"column":39}},"222":{"start":{"line":448,"column":19},"end":{"line":448,"column":38}},"223":{"start":{"line":449,"column":11},"end":{"line":451,"column":5}},"224":{"start":{"line":450,"column":6},"end":{"line":450,"column":28}},"225":{"start":{"line":455,"column":2},"end":{"line":475,"column":9}},"226":{"start":{"line":456,"column":22},"end":{"line":472,"column":5}},"227":{"start":{"line":457,"column":6},"end":{"line":457,"column":28}},"228":{"start":{"line":458,"column":6},"end":{"line":471,"column":7}},"229":{"start":{"line":459,"column":26},"end":{"line":459,"column":48}},"230":{"start":{"line":460,"column":8},"end":{"line":460,"column":53}},"231":{"start":{"line":461,"column":8},"end":{"line":461,"column":40}},"232":{"start":{"line":462,"column":8},"end":{"line":462,"column":36}},"233":{"start":{"line":463,"column":8},"end":{"line":463,"column":53}},"234":{"start":{"line":465,"column":8},"end":{"line":465,"column":53}},"235":{"start":{"line":467,"column":8},"end":{"line":467,"column":24}},"236":{"start":{"line":468,"column":8},"end":{"line":468,"column":22}},"237":{"start":{"line":470,"column":8},"end":{"line":470,"column":31}},"238":{"start":{"line":474,"column":4},"end":{"line":474,"column":16}},"239":{"start":{"line":478,"column":19},"end":{"line":540,"column":173}},"240":{"start":{"line":479,"column":4},"end":{"line":479,"column":58}},"241":{"start":{"line":479,"column":51},"end":{"line":479,"column":58}},"242":{"start":{"line":481,"column":24},"end":{"line":481,"column":34}},"243":{"start":{"line":484,"column":25},"end":{"line":484,"column":71}},"244":{"start":{"line":485,"column":26},"end":{"line":485,"column":76}},"245":{"start":{"line":489,"column":24},"end":{"line":489,"column":89}},"246":{"start":{"line":491,"column":4},"end":{"line":511,"column":5}},"247":{"start":{"line":492,"column":24},"end":{"line":492,"column":134}},"248":{"start":{"line":493,"column":22},"end":{"line":503,"column":7}},"249":{"start":{"line":505,"column":6},"end":{"line":505,"column":50}},"250":{"start":{"line":505,"column":30},"end":{"line":505,"column":48}},"251":{"start":{"line":506,"column":6},"end":{"line":506,"column":40}},"252":{"start":{"line":506,"column":30},"end":{"line":506,"column":38}},"253":{"start":{"line":507,"column":6},"end":{"line":507,"column":45}},"254":{"start":{"line":510,"column":6},"end":{"line":510,"column":21}},"255":{"start":{"line":514,"column":4},"end":{"line":533,"column":8}},"256":{"start":{"line":514,"column":28},"end":{"line":533,"column":6}},"257":{"start":{"line":514,"column":46},"end":{"line":517,"column":5}},"258":{"start":{"line":519,"column":6},"end":{"line":531,"column":7}},"259":{"start":{"line":520,"column":8},"end":{"line":529,"column":9}},"260":{"start":{"line":521,"column":10},"end":{"line":527,"column":13}},"261":{"start":{"line":522,"column":29},"end":{"line":522,"column":42}},"262":{"start":{"line":523,"column":12},"end":{"line":525,"column":13}},"263":{"start":{"line":524,"column":14},"end":{"line":524,"column":32}},"264":{"start":{"line":526,"column":12},"end":{"line":526,"column":28}},"265":{"start":{"line":528,"column":10},"end":{"line":528,"column":22}},"266":{"start":{"line":530,"column":8},"end":{"line":530,"column":21}},"267":{"start":{"line":532,"column":6},"end":{"line":532,"column":18}},"268":{"start":{"line":536,"column":4},"end":{"line":539,"column":44}},"269":{"start":{"line":536,"column":24},"end":{"line":539,"column":42}},"270":{"start":{"line":536,"column":45},"end":{"line":539,"column":5}},"271":{"start":{"line":539,"column":26},"end":{"line":539,"column":41}},"272":{"start":{"line":545,"column":2},"end":{"line":555,"column":55}},"273":{"start":{"line":546,"column":4},"end":{"line":548,"column":5}},"274":{"start":{"line":547,"column":6},"end":{"line":547,"column":54}},"275":{"start":{"line":550,"column":4},"end":{"line":554,"column":6}},"276":{"start":{"line":551,"column":6},"end":{"line":553,"column":7}},"277":{"start":{"line":552,"column":8},"end":{"line":552,"column":43}},"278":{"start":{"line":557,"column":26},"end":{"line":642,"column":156}},"279":{"start":{"line":559,"column":4},"end":{"line":563,"column":5}},"280":{"start":{"line":560,"column":6},"end":{"line":560,"column":28}},"281":{"start":{"line":562,"column":6},"end":{"line":562,"column":51}},"282":{"start":{"line":565,"column":4},"end":{"line":604,"column":7}},"283":{"start":{"line":566,"column":24},"end":{"line":566,"column":66}},"284":{"start":{"line":566,"column":47},"end":{"line":566,"column":65}},"285":{"start":{"line":567,"column":6},"end":{"line":567,"column":40}},"286":{"start":{"line":567,"column":28},"end":{"line":567,"column":40}},"287":{"start":{"line":569,"column":19},"end":{"line":569,"column":34}},"288":{"start":{"line":572,"column":6},"end":{"line":578,"column":13}},"289":{"start":{"line":573,"column":8},"end":{"line":577,"column":9}},"290":{"start":{"line":574,"column":10},"end":{"line":574,"column":60}},"291":{"start":{"line":576,"column":10},"end":{"line":576,"column":55}},"292":{"start":{"line":581,"column":27},"end":{"line":581,"column":56}},"293":{"start":{"line":582,"column":6},"end":{"line":582,"column":67}},"294":{"start":{"line":583,"column":6},"end":{"line":583,"column":64}},"295":{"start":{"line":584,"column":6},"end":{"line":584,"column":50}},"296":{"start":{"line":585,"column":6},"end":{"line":592,"column":8}},"297":{"start":{"line":593,"column":6},"end":{"line":593,"column":69}},"298":{"start":{"line":596,"column":6},"end":{"line":600,"column":15}},"299":{"start":{"line":597,"column":8},"end":{"line":599,"column":9}},"300":{"start":{"line":598,"column":10},"end":{"line":598,"column":60}},"301":{"start":{"line":603,"column":6},"end":{"line":603,"column":47}},"302":{"start":{"line":603,"column":30},"end":{"line":603,"column":45}},"303":{"start":{"line":607,"column":22},"end":{"line":607,"column":24}},"304":{"start":{"line":608,"column":23},"end":{"line":608,"column":108}},"305":{"start":{"line":609,"column":23},"end":{"line":609,"column":44}},"306":{"start":{"line":610,"column":23},"end":{"line":610,"column":58}},"307":{"start":{"line":612,"column":4},"end":{"line":612,"column":50}},"308":{"start":{"line":612,"column":26},"end":{"line":612,"column":48}},"309":{"start":{"line":613,"column":4},"end":{"line":617,"column":7}},"310":{"start":{"line":614,"column":23},"end":{"line":614,"column":31}},"311":{"start":{"line":615,"column":6},"end":{"line":615,"column":58}},"312":{"start":{"line":615,"column":29},"end":{"line":615,"column":56}},"313":{"start":{"line":616,"column":6},"end":{"line":616,"column":22}},"314":{"start":{"line":619,"column":4},"end":{"line":641,"column":7}},"315":{"start":{"line":620,"column":21},"end":{"line":620,"column":32}},"316":{"start":{"line":623,"column":6},"end":{"line":638,"column":7}},"317":{"start":{"line":624,"column":8},"end":{"line":637,"column":9}},"318":{"start":{"line":626,"column":10},"end":{"line":626,"column":29}},"319":{"start":{"line":627,"column":10},"end":{"line":627,"column":25}},"320":{"start":{"line":628,"column":10},"end":{"line":628,"column":19}},"321":{"start":{"line":631,"column":10},"end":{"line":636,"column":18}},"322":{"start":{"line":632,"column":12},"end":{"line":632,"column":35}},"323":{"start":{"line":633,"column":12},"end":{"line":633,"column":36}},"324":{"start":{"line":634,"column":12},"end":{"line":634,"column":39}},"325":{"start":{"line":635,"column":12},"end":{"line":635,"column":78}},"326":{"start":{"line":640,"column":6},"end":{"line":640,"column":20}},"327":{"start":{"line":644,"column":20},"end":{"line":676,"column":3}},"328":{"start":{"line":645,"column":4},"end":{"line":645,"column":26}},"329":{"start":{"line":646,"column":4},"end":{"line":646,"column":28}},"330":{"start":{"line":647,"column":4},"end":{"line":647,"column":30}},"331":{"start":{"line":648,"column":4},"end":{"line":648,"column":22}},"332":{"start":{"line":649,"column":4},"end":{"line":649,"column":16}},"333":{"start":{"line":650,"column":4},"end":{"line":650,"column":24}},"334":{"start":{"line":651,"column":4},"end":{"line":651,"column":23}},"335":{"start":{"line":652,"column":4},"end":{"line":652,"column":16}},"336":{"start":{"line":653,"column":4},"end":{"line":653,"column":19}},"337":{"start":{"line":654,"column":4},"end":{"line":654,"column":23}},"338":{"start":{"line":655,"column":4},"end":{"line":655,"column":26}},"339":{"start":{"line":656,"column":4},"end":{"line":656,"column":29}},"340":{"start":{"line":657,"column":4},"end":{"line":657,"column":30}},"341":{"start":{"line":658,"column":4},"end":{"line":658,"column":20}},"342":{"start":{"line":659,"column":4},"end":{"line":663,"column":7}},"343":{"start":{"line":664,"column":4},"end":{"line":664,"column":16}},"344":{"start":{"line":665,"column":4},"end":{"line":665,"column":19}},"345":{"start":{"line":666,"column":4},"end":{"line":666,"column":33}},"346":{"start":{"line":669,"column":4},"end":{"line":671,"column":5}},"347":{"start":{"line":670,"column":6},"end":{"line":670,"column":41}},"348":{"start":{"line":674,"column":23},"end":{"line":674,"column":70}},"349":{"start":{"line":675,"column":4},"end":{"line":675,"column":31}},"350":{"start":{"line":678,"column":2},"end":{"line":708,"column":3}},"351":{"start":{"line":679,"column":4},"end":{"line":707,"column":6}},"352":{"start":{"line":710,"column":2},"end":{"line":1154,"column":3}},"353":{"start":{"line":711,"column":4},"end":{"line":1153,"column":6}},"354":{"start":{"line":728,"column":10},"end":{"line":737,"column":12}},"355":{"start":{"line":753,"column":18},"end":{"line":753,"column":44}},"356":{"start":{"line":760,"column":20},"end":{"line":766,"column":26}},"357":{"start":{"line":781,"column":18},"end":{"line":781,"column":44}},"358":{"start":{"line":798,"column":26},"end":{"line":798,"column":65}},"359":{"start":{"line":799,"column":26},"end":{"line":799,"column":58}},"360":{"start":{"line":836,"column":16},"end":{"line":836,"column":38}},"361":{"start":{"line":837,"column":16},"end":{"line":837,"column":28}},"362":{"start":{"line":845,"column":35},"end":{"line":845,"column":82}},"363":{"start":{"line":846,"column":16},"end":{"line":846,"column":43}},"364":{"start":{"line":853,"column":29},"end":{"line":853,"column":53}},"365":{"start":{"line":864,"column":12},"end":{"line":864,"column":72}},"366":{"start":{"line":865,"column":34},"end":{"line":865,"column":42}},"367":{"start":{"line":866,"column":12},"end":{"line":866,"column":38}},"368":{"start":{"line":869,"column":12},"end":{"line":875,"column":13}},"369":{"start":{"line":870,"column":14},"end":{"line":874,"column":15}},"370":{"start":{"line":871,"column":16},"end":{"line":871,"column":55}},"371":{"start":{"line":873,"column":16},"end":{"line":873,"column":70}},"372":{"start":{"line":878,"column":12},"end":{"line":885,"column":13}},"373":{"start":{"line":879,"column":14},"end":{"line":879,"column":36}},"374":{"start":{"line":882,"column":14},"end":{"line":884,"column":22}},"375":{"start":{"line":883,"column":16},"end":{"line":883,"column":38}},"376":{"start":{"line":904,"column":88},"end":{"line":904,"column":113}},"377":{"start":{"line":910,"column":33},"end":{"line":910,"column":58}},"378":{"start":{"line":952,"column":27},"end":{"line":952,"column":53}},"379":{"start":{"line":973,"column":32},"end":{"line":973,"column":80}},"380":{"start":{"line":974,"column":37},"end":{"line":974,"column":68}},"381":{"start":{"line":976,"column":16},"end":{"line":996,"column":18}},"382":{"start":{"line":980,"column":35},"end":{"line":980,"column":60}},"383":{"start":{"line":1008,"column":27},"end":{"line":1008,"column":53}},"384":{"start":{"line":1036,"column":37},"end":{"line":1036,"column":102}},"385":{"start":{"line":1037,"column":37},"end":{"line":1037,"column":78}},"386":{"start":{"line":1039,"column":16},"end":{"line":1087,"column":18}},"387":{"start":{"line":1043,"column":35},"end":{"line":1043,"column":58}},"388":{"start":{"line":1053,"column":24},"end":{"line":1053,"column":49}},"389":{"start":{"line":1054,"column":24},"end":{"line":1054,"column":93}},"390":{"start":{"line":1054,"column":53},"end":{"line":1054,"column":91}},"391":{"start":{"line":1057,"column":24},"end":{"line":1057,"column":41}},"392":{"start":{"line":1058,"column":24},"end":{"line":1058,"column":49}},"393":{"start":{"line":1061,"column":24},"end":{"line":1061,"column":66}},"394":{"start":{"line":1062,"column":24},"end":{"line":1062,"column":70}},"395":{"start":{"line":1065,"column":24},"end":{"line":1065,"column":51}},"396":{"start":{"line":1068,"column":24},"end":{"line":1068,"column":66}},"397":{"start":{"line":1100,"column":29},"end":{"line":1100,"column":51}},"398":{"start":{"line":1129,"column":29},"end":{"line":1129,"column":51}},"399":{"start":{"line":1156,"column":2},"end":{"line":1282,"column":3}},"400":{"start":{"line":1157,"column":4},"end":{"line":1281,"column":6}},"401":{"start":{"line":1171,"column":10},"end":{"line":1211,"column":16}},"402":{"start":{"line":1226,"column":16},"end":{"line":1235,"column":22}},"403":{"start":{"line":1246,"column":16},"end":{"line":1246,"column":37}},"404":{"start":{"line":1247,"column":16},"end":{"line":1250,"column":17}},"405":{"start":{"line":1248,"column":18},"end":{"line":1248,"column":37}},"406":{"start":{"line":1249,"column":18},"end":{"line":1249,"column":47}},"407":{"start":{"line":1259,"column":16},"end":{"line":1262,"column":17}},"408":{"start":{"line":1260,"column":18},"end":{"line":1260,"column":37}},"409":{"start":{"line":1261,"column":18},"end":{"line":1261,"column":47}},"410":{"start":{"line":1285,"column":2},"end":{"line":1346,"column":3}},"411":{"start":{"line":1286,"column":4},"end":{"line":1345,"column":6}},"412":{"start":{"line":1311,"column":16},"end":{"line":1311,"column":41}},"413":{"start":{"line":1312,"column":16},"end":{"line":1312,"column":28}},"414":{"start":{"line":1321,"column":16},"end":{"line":1321,"column":37}},"415":{"start":{"line":1322,"column":16},"end":{"line":1322,"column":41}},"416":{"start":{"line":1323,"column":16},"end":{"line":1323,"column":40}},"417":{"start":{"line":1324,"column":16},"end":{"line":1324,"column":31}},"418":{"start":{"line":1325,"column":16},"end":{"line":1325,"column":35}},"419":{"start":{"line":1334,"column":16},"end":{"line":1334,"column":41}},"420":{"start":{"line":1335,"column":16},"end":{"line":1335,"column":41}},"421":{"start":{"line":1336,"column":16},"end":{"line":1336,"column":38}},"422":{"start":{"line":1348,"column":2},"end":{"line":1405,"column":3}},"423":{"start":{"line":1349,"column":4},"end":{"line":1404,"column":6}},"424":{"start":{"line":1377,"column":18},"end":{"line":1377,"column":37}},"425":{"start":{"line":1378,"column":18},"end":{"line":1378,"column":38}},"426":{"start":{"line":1380,"column":18},"end":{"line":1380,"column":38}},"427":{"start":{"line":1382,"column":18},"end":{"line":1382,"column":30}},"428":{"start":{"line":1384,"column":18},"end":{"line":1386,"column":19}},"429":{"start":{"line":1385,"column":20},"end":{"line":1385,"column":55}},"430":{"start":{"line":1387,"column":18},"end":{"line":1387,"column":66}},"431":{"start":{"line":1407,"column":2},"end":{"line":1584,"column":4}},"432":{"start":{"line":1477,"column":14},"end":{"line":1484,"column":20}},"433":{"start":{"line":1481,"column":20},"end":{"line":1481,"column":93}},"434":{"start":{"line":1490,"column":12},"end":{"line":1519,"column":18}},"435":{"start":{"line":1501,"column":31},"end":{"line":1501,"column":55}},"436":{"start":{"line":1502,"column":35},"end":{"line":1502,"column":59}},"437":{"start":{"line":1504,"column":18},"end":{"line":1504,"column":37}},"438":{"start":{"line":1505,"column":18},"end":{"line":1505,"column":43}},"439":{"start":{"line":1524,"column":12},"end":{"line":1553,"column":18}},"440":{"start":{"line":1535,"column":31},"end":{"line":1535,"column":71}},"441":{"start":{"line":1536,"column":35},"end":{"line":1536,"column":75}},"442":{"start":{"line":1538,"column":18},"end":{"line":1538,"column":37}},"443":{"start":{"line":1539,"column":18},"end":{"line":1539,"column":59}}},"fnMap":{"0":{"name":"(anonymous_0)","decl":{"start":{"line":7,"column":30},"end":{"line":7,"column":31}},"loc":{"start":{"line":7,"column":36},"end":{"line":1585,"column":1}},"line":7},"1":{"name":"(anonymous_1)","decl":{"start":{"line":48,"column":35},"end":{"line":48,"column":36}},"loc":{"start":{"line":48,"column":41},"end":{"line":81,"column":3}},"line":48},"2":{"name":"(anonymous_2)","decl":{"start":{"line":90,"column":29},"end":{"line":90,"column":30}},"loc":{"start":{"line":90,"column":35},"end":{"line":90,"column":66}},"line":90},"3":{"name":"(anonymous_3)","decl":{"start":{"line":93,"column":37},"end":{"line":93,"column":38}},"loc":{"start":{"line":93,"column":43},"end":{"line":106,"column":3}},"line":93},"4":{"name":"(anonymous_4)","decl":{"start":{"line":109,"column":31},"end":{"line":109,"column":32}},"loc":{"start":{"line":109,"column":38},"end":{"line":115,"column":3}},"line":109},"5":{"name":"(anonymous_5)","decl":{"start":{"line":119,"column":24},"end":{"line":119,"column":25}},"loc":{"start":{"line":119,"column":30},"end":{"line":149,"column":3}},"line":119},"6":{"name":"(anonymous_6)","decl":{"start":{"line":152,"column":30},"end":{"line":152,"column":31}},"loc":{"start":{"line":153,"column":4},"end":{"line":153,"column":610}},"line":153},"7":{"name":"(anonymous_7)","decl":{"start":{"line":157,"column":12},"end":{"line":157,"column":13}},"loc":{"start":{"line":157,"column":18},"end":{"line":179,"column":3}},"line":157},"8":{"name":"(anonymous_8)","decl":{"start":{"line":161,"column":30},"end":{"line":161,"column":31}},"loc":{"start":{"line":161,"column":36},"end":{"line":174,"column":5}},"line":161},"9":{"name":"(anonymous_9)","decl":{"start":{"line":178,"column":11},"end":{"line":178,"column":12}},"loc":{"start":{"line":178,"column":17},"end":{"line":178,"column":40}},"line":178},"10":{"name":"(anonymous_10)","decl":{"start":{"line":182,"column":12},"end":{"line":182,"column":13}},"loc":{"start":{"line":182,"column":18},"end":{"line":187,"column":3}},"line":182},"11":{"name":"(anonymous_11)","decl":{"start":{"line":191,"column":39},"end":{"line":191,"column":40}},"loc":{"start":{"line":191,"column":45},"end":{"line":224,"column":3}},"line":191},"12":{"name":"(anonymous_12)","decl":{"start":{"line":197,"column":28},"end":{"line":197,"column":29}},"loc":{"start":{"line":197,"column":56},"end":{"line":218,"column":5}},"line":197},"13":{"name":"(anonymous_13)","decl":{"start":{"line":198,"column":17},"end":{"line":198,"column":18}},"loc":{"start":{"line":198,"column":23},"end":{"line":217,"column":7}},"line":198},"14":{"name":"(anonymous_14)","decl":{"start":{"line":199,"column":28},"end":{"line":199,"column":29}},"loc":{"start":{"line":199,"column":45},"end":{"line":216,"column":9}},"line":199},"15":{"name":"(anonymous_15)","decl":{"start":{"line":227,"column":12},"end":{"line":227,"column":13}},"loc":{"start":{"line":227,"column":18},"end":{"line":248,"column":3}},"line":227},"16":{"name":"(anonymous_16)","decl":{"start":{"line":229,"column":35},"end":{"line":229,"column":36}},"loc":{"start":{"line":229,"column":41},"end":{"line":245,"column":7}},"line":229},"17":{"name":"(anonymous_17)","decl":{"start":{"line":230,"column":26},"end":{"line":230,"column":27}},"loc":{"start":{"line":230,"column":34},"end":{"line":244,"column":9}},"line":230},"18":{"name":"(anonymous_18)","decl":{"start":{"line":232,"column":39},"end":{"line":232,"column":40}},"loc":{"start":{"line":232,"column":46},"end":{"line":242,"column":11}},"line":232},"19":{"name":"(anonymous_19)","decl":{"start":{"line":246,"column":13},"end":{"line":246,"column":14}},"loc":{"start":{"line":246,"column":19},"end":{"line":246,"column":42}},"line":246},"20":{"name":"(anonymous_20)","decl":{"start":{"line":251,"column":35},"end":{"line":251,"column":36}},"loc":{"start":{"line":251,"column":41},"end":{"line":266,"column":3}},"line":251},"21":{"name":"(anonymous_21)","decl":{"start":{"line":264,"column":18},"end":{"line":264,"column":19}},"loc":{"start":{"line":264,"column":26},"end":{"line":264,"column":47}},"line":264},"22":{"name":"(anonymous_22)","decl":{"start":{"line":269,"column":37},"end":{"line":269,"column":38}},"loc":{"start":{"line":269,"column":58},"end":{"line":337,"column":3}},"line":269},"23":{"name":"(anonymous_23)","decl":{"start":{"line":270,"column":16},"end":{"line":270,"column":17}},"loc":{"start":{"line":270,"column":24},"end":{"line":297,"column":5}},"line":270},"24":{"name":"(anonymous_24)","decl":{"start":{"line":271,"column":32},"end":{"line":271,"column":33}},"loc":{"start":{"line":271,"column":37},"end":{"line":271,"column":55}},"line":271},"25":{"name":"(anonymous_25)","decl":{"start":{"line":290,"column":17},"end":{"line":290,"column":18}},"loc":{"start":{"line":290,"column":23},"end":{"line":294,"column":7}},"line":290},"26":{"name":"(anonymous_26)","decl":{"start":{"line":296,"column":25},"end":{"line":296,"column":26}},"loc":{"start":{"line":296,"column":30},"end":{"line":296,"column":48}},"line":296},"27":{"name":"(anonymous_27)","decl":{"start":{"line":301,"column":17},"end":{"line":301,"column":18}},"loc":{"start":{"line":301,"column":25},"end":{"line":301,"column":46}},"line":301},"28":{"name":"(anonymous_28)","decl":{"start":{"line":304,"column":26},"end":{"line":304,"column":27}},"loc":{"start":{"line":304,"column":35},"end":{"line":307,"column":9}},"line":304},"29":{"name":"(anonymous_29)","decl":{"start":{"line":310,"column":26},"end":{"line":310,"column":27}},"loc":{"start":{"line":310,"column":35},"end":{"line":313,"column":9}},"line":310},"30":{"name":"(anonymous_30)","decl":{"start":{"line":316,"column":26},"end":{"line":316,"column":27}},"loc":{"start":{"line":316,"column":35},"end":{"line":319,"column":9}},"line":316},"31":{"name":"(anonymous_31)","decl":{"start":{"line":322,"column":26},"end":{"line":322,"column":27}},"loc":{"start":{"line":322,"column":35},"end":{"line":325,"column":9}},"line":322},"32":{"name":"(anonymous_32)","decl":{"start":{"line":339,"column":19},"end":{"line":339,"column":20}},"loc":{"start":{"line":339,"column":44},"end":{"line":383,"column":3}},"line":339},"33":{"name":"(anonymous_33)","decl":{"start":{"line":370,"column":25},"end":{"line":370,"column":26}},"loc":{"start":{"line":370,"column":31},"end":{"line":372,"column":5}},"line":370},"34":{"name":"(anonymous_34)","decl":{"start":{"line":371,"column":73},"end":{"line":371,"column":74}},"loc":{"start":{"line":371,"column":80},"end":{"line":371,"column":98}},"line":371},"35":{"name":"(anonymous_35)","decl":{"start":{"line":386,"column":42},"end":{"line":386,"column":43}},"loc":{"start":{"line":386,"column":48},"end":{"line":431,"column":3}},"line":386},"36":{"name":"(anonymous_36)","decl":{"start":{"line":396,"column":27},"end":{"line":396,"column":28}},"loc":{"start":{"line":396,"column":46},"end":{"line":428,"column":5}},"line":396},"37":{"name":"(anonymous_37)","decl":{"start":{"line":399,"column":48},"end":{"line":399,"column":49}},"loc":{"start":{"line":399,"column":54},"end":{"line":399,"column":71}},"line":399},"38":{"name":"(anonymous_38)","decl":{"start":{"line":427,"column":46},"end":{"line":427,"column":47}},"loc":{"start":{"line":427,"column":52},"end":{"line":427,"column":81}},"line":427},"39":{"name":"(anonymous_39)","decl":{"start":{"line":434,"column":42},"end":{"line":434,"column":43}},"loc":{"start":{"line":434,"column":48},"end":{"line":439,"column":3}},"line":434},"40":{"name":"(anonymous_40)","decl":{"start":{"line":442,"column":12},"end":{"line":442,"column":13}},"loc":{"start":{"line":442,"column":18},"end":{"line":452,"column":3}},"line":442},"41":{"name":"(anonymous_41)","decl":{"start":{"line":445,"column":31},"end":{"line":445,"column":32}},"loc":{"start":{"line":445,"column":37},"end":{"line":447,"column":7}},"line":445},"42":{"name":"(anonymous_42)","decl":{"start":{"line":448,"column":13},"end":{"line":448,"column":14}},"loc":{"start":{"line":448,"column":19},"end":{"line":448,"column":38}},"line":448},"43":{"name":"(anonymous_43)","decl":{"start":{"line":455,"column":12},"end":{"line":455,"column":13}},"loc":{"start":{"line":455,"column":18},"end":{"line":475,"column":3}},"line":455},"44":{"name":"(anonymous_44)","decl":{"start":{"line":456,"column":22},"end":{"line":456,"column":23}},"loc":{"start":{"line":456,"column":34},"end":{"line":472,"column":5}},"line":456},"45":{"name":"(anonymous_45)","decl":{"start":{"line":478,"column":31},"end":{"line":478,"column":32}},"loc":{"start":{"line":478,"column":37},"end":{"line":540,"column":3}},"line":478},"46":{"name":"(anonymous_46)","decl":{"start":{"line":505,"column":22},"end":{"line":505,"column":23}},"loc":{"start":{"line":505,"column":30},"end":{"line":505,"column":48}},"line":505},"47":{"name":"(anonymous_47)","decl":{"start":{"line":506,"column":22},"end":{"line":506,"column":23}},"loc":{"start":{"line":506,"column":30},"end":{"line":506,"column":38}},"line":506},"48":{"name":"(anonymous_48)","decl":{"start":{"line":514,"column":20},"end":{"line":514,"column":21}},"loc":{"start":{"line":514,"column":28},"end":{"line":533,"column":6}},"line":514},"49":{"name":"(anonymous_49)","decl":{"start":{"line":514,"column":37},"end":{"line":514,"column":38}},"loc":{"start":{"line":514,"column":46},"end":{"line":517,"column":5}},"line":514},"50":{"name":"(anonymous_50)","decl":{"start":{"line":517,"column":15},"end":{"line":517,"column":16}},"loc":{"start":{"line":517,"column":23},"end":{"line":533,"column":5}},"line":517},"51":{"name":"(anonymous_51)","decl":{"start":{"line":521,"column":19},"end":{"line":521,"column":20}},"loc":{"start":{"line":521,"column":32},"end":{"line":527,"column":11}},"line":521},"52":{"name":"(anonymous_52)","decl":{"start":{"line":536,"column":16},"end":{"line":536,"column":17}},"loc":{"start":{"line":536,"column":24},"end":{"line":539,"column":42}},"line":536},"53":{"name":"(anonymous_53)","decl":{"start":{"line":536,"column":33},"end":{"line":536,"column":34}},"loc":{"start":{"line":536,"column":45},"end":{"line":539,"column":5}},"line":536},"54":{"name":"(anonymous_54)","decl":{"start":{"line":539,"column":15},"end":{"line":539,"column":16}},"loc":{"start":{"line":539,"column":26},"end":{"line":539,"column":41}},"line":539},"55":{"name":"(anonymous_55)","decl":{"start":{"line":545,"column":12},"end":{"line":545,"column":13}},"loc":{"start":{"line":545,"column":18},"end":{"line":555,"column":3}},"line":545},"56":{"name":"(anonymous_56)","decl":{"start":{"line":550,"column":11},"end":{"line":550,"column":12}},"loc":{"start":{"line":550,"column":17},"end":{"line":554,"column":5}},"line":550},"57":{"name":"(anonymous_57)","decl":{"start":{"line":557,"column":38},"end":{"line":557,"column":39}},"loc":{"start":{"line":557,"column":50},"end":{"line":642,"column":3}},"line":557},"58":{"name":"(anonymous_58)","decl":{"start":{"line":565,"column":20},"end":{"line":565,"column":21}},"loc":{"start":{"line":565,"column":28},"end":{"line":604,"column":5}},"line":565},"59":{"name":"(anonymous_59)","decl":{"start":{"line":566,"column":39},"end":{"line":566,"column":40}},"loc":{"start":{"line":566,"column":47},"end":{"line":566,"column":65}},"line":566},"60":{"name":"(anonymous_60)","decl":{"start":{"line":572,"column":17},"end":{"line":572,"column":18}},"loc":{"start":{"line":572,"column":23},"end":{"line":578,"column":7}},"line":572},"61":{"name":"(anonymous_61)","decl":{"start":{"line":596,"column":17},"end":{"line":596,"column":18}},"loc":{"start":{"line":596,"column":23},"end":{"line":600,"column":7}},"line":596},"62":{"name":"(anonymous_62)","decl":{"start":{"line":603,"column":25},"end":{"line":603,"column":26}},"loc":{"start":{"line":603,"column":30},"end":{"line":603,"column":45}},"line":603},"63":{"name":"(anonymous_63)","decl":{"start":{"line":612,"column":13},"end":{"line":612,"column":14}},"loc":{"start":{"line":612,"column":26},"end":{"line":612,"column":48}},"line":612},"64":{"name":"(anonymous_64)","decl":{"start":{"line":613,"column":13},"end":{"line":613,"column":14}},"loc":{"start":{"line":613,"column":21},"end":{"line":617,"column":5}},"line":613},"65":{"name":"(anonymous_65)","decl":{"start":{"line":615,"column":18},"end":{"line":615,"column":19}},"loc":{"start":{"line":615,"column":29},"end":{"line":615,"column":56}},"line":615},"66":{"name":"(anonymous_66)","decl":{"start":{"line":619,"column":16},"end":{"line":619,"column":17}},"loc":{"start":{"line":619,"column":27},"end":{"line":641,"column":5}},"line":619},"67":{"name":"(anonymous_67)","decl":{"start":{"line":631,"column":21},"end":{"line":631,"column":22}},"loc":{"start":{"line":631,"column":27},"end":{"line":636,"column":11}},"line":631},"68":{"name":"(anonymous_68)","decl":{"start":{"line":644,"column":20},"end":{"line":644,"column":21}},"loc":{"start":{"line":644,"column":26},"end":{"line":676,"column":3}},"line":644},"69":{"name":"(anonymous_69)","decl":{"start":{"line":727,"column":28},"end":{"line":727,"column":29}},"loc":{"start":{"line":728,"column":10},"end":{"line":737,"column":12}},"line":728},"70":{"name":"(anonymous_70)","decl":{"start":{"line":752,"column":25},"end":{"line":752,"column":26}},"loc":{"start":{"line":752,"column":31},"end":{"line":754,"column":17}},"line":752},"71":{"name":"(anonymous_71)","decl":{"start":{"line":759,"column":44},"end":{"line":759,"column":45}},"loc":{"start":{"line":760,"column":20},"end":{"line":766,"column":26}},"line":760},"72":{"name":"(anonymous_72)","decl":{"start":{"line":780,"column":25},"end":{"line":780,"column":26}},"loc":{"start":{"line":780,"column":31},"end":{"line":782,"column":17}},"line":780},"73":{"name":"(anonymous_73)","decl":{"start":{"line":797,"column":33},"end":{"line":797,"column":34}},"loc":{"start":{"line":797,"column":40},"end":{"line":800,"column":25}},"line":797},"74":{"name":"(anonymous_74)","decl":{"start":{"line":835,"column":23},"end":{"line":835,"column":24}},"loc":{"start":{"line":835,"column":29},"end":{"line":838,"column":15}},"line":835},"75":{"name":"(anonymous_75)","decl":{"start":{"line":844,"column":23},"end":{"line":844,"column":24}},"loc":{"start":{"line":844,"column":29},"end":{"line":847,"column":15}},"line":844},"76":{"name":"(anonymous_76)","decl":{"start":{"line":853,"column":23},"end":{"line":853,"column":24}},"loc":{"start":{"line":853,"column":29},"end":{"line":853,"column":53}},"line":853},"77":{"name":"(anonymous_77)","decl":{"start":{"line":863,"column":19},"end":{"line":863,"column":20}},"loc":{"start":{"line":863,"column":31},"end":{"line":886,"column":11}},"line":863},"78":{"name":"(anonymous_78)","decl":{"start":{"line":882,"column":25},"end":{"line":882,"column":26}},"loc":{"start":{"line":882,"column":31},"end":{"line":884,"column":15}},"line":882},"79":{"name":"(anonymous_79)","decl":{"start":{"line":904,"column":82},"end":{"line":904,"column":83}},"loc":{"start":{"line":904,"column":88},"end":{"line":904,"column":113}},"line":904},"80":{"name":"(anonymous_80)","decl":{"start":{"line":910,"column":27},"end":{"line":910,"column":28}},"loc":{"start":{"line":910,"column":33},"end":{"line":910,"column":58}},"line":910},"81":{"name":"(anonymous_81)","decl":{"start":{"line":952,"column":21},"end":{"line":952,"column":22}},"loc":{"start":{"line":952,"column":27},"end":{"line":952,"column":53}},"line":952},"82":{"name":"(anonymous_82)","decl":{"start":{"line":971,"column":28},"end":{"line":971,"column":29}},"loc":{"start":{"line":971,"column":48},"end":{"line":997,"column":15}},"line":971},"83":{"name":"(anonymous_83)","decl":{"start":{"line":980,"column":29},"end":{"line":980,"column":30}},"loc":{"start":{"line":980,"column":35},"end":{"line":980,"column":60}},"line":980},"84":{"name":"(anonymous_84)","decl":{"start":{"line":1008,"column":21},"end":{"line":1008,"column":22}},"loc":{"start":{"line":1008,"column":27},"end":{"line":1008,"column":53}},"line":1008},"85":{"name":"(anonymous_85)","decl":{"start":{"line":1034,"column":26},"end":{"line":1034,"column":27}},"loc":{"start":{"line":1034,"column":44},"end":{"line":1088,"column":15}},"line":1034},"86":{"name":"(anonymous_86)","decl":{"start":{"line":1043,"column":29},"end":{"line":1043,"column":30}},"loc":{"start":{"line":1043,"column":35},"end":{"line":1043,"column":58}},"line":1043},"87":{"name":"(anonymous_87)","decl":{"start":{"line":1052,"column":36},"end":{"line":1052,"column":37}},"loc":{"start":{"line":1052,"column":43},"end":{"line":1055,"column":23}},"line":1052},"88":{"name":"(anonymous_88)","decl":{"start":{"line":1054,"column":46},"end":{"line":1054,"column":47}},"loc":{"start":{"line":1054,"column":53},"end":{"line":1054,"column":91}},"line":1054},"89":{"name":"(anonymous_89)","decl":{"start":{"line":1056,"column":36},"end":{"line":1056,"column":37}},"loc":{"start":{"line":1056,"column":43},"end":{"line":1059,"column":23}},"line":1056},"90":{"name":"(anonymous_90)","decl":{"start":{"line":1060,"column":31},"end":{"line":1060,"column":32}},"loc":{"start":{"line":1060,"column":38},"end":{"line":1063,"column":23}},"line":1060},"91":{"name":"(anonymous_91)","decl":{"start":{"line":1064,"column":40},"end":{"line":1064,"column":41}},"loc":{"start":{"line":1064,"column":47},"end":{"line":1066,"column":23}},"line":1064},"92":{"name":"(anonymous_92)","decl":{"start":{"line":1067,"column":33},"end":{"line":1067,"column":34}},"loc":{"start":{"line":1067,"column":40},"end":{"line":1069,"column":23}},"line":1067},"93":{"name":"(anonymous_93)","decl":{"start":{"line":1100,"column":23},"end":{"line":1100,"column":24}},"loc":{"start":{"line":1100,"column":29},"end":{"line":1100,"column":51}},"line":1100},"94":{"name":"(anonymous_94)","decl":{"start":{"line":1129,"column":23},"end":{"line":1129,"column":24}},"loc":{"start":{"line":1129,"column":29},"end":{"line":1129,"column":51}},"line":1129},"95":{"name":"(anonymous_95)","decl":{"start":{"line":1170,"column":30},"end":{"line":1170,"column":31}},"loc":{"start":{"line":1171,"column":10},"end":{"line":1211,"column":16}},"line":1171},"96":{"name":"(anonymous_96)","decl":{"start":{"line":1225,"column":45},"end":{"line":1225,"column":46}},"loc":{"start":{"line":1226,"column":16},"end":{"line":1235,"column":22}},"line":1226},"97":{"name":"(anonymous_97)","decl":{"start":{"line":1245,"column":23},"end":{"line":1245,"column":24}},"loc":{"start":{"line":1245,"column":29},"end":{"line":1251,"column":15}},"line":1245},"98":{"name":"(anonymous_98)","decl":{"start":{"line":1258,"column":23},"end":{"line":1258,"column":24}},"loc":{"start":{"line":1258,"column":29},"end":{"line":1263,"column":15}},"line":1258},"99":{"name":"(anonymous_99)","decl":{"start":{"line":1310,"column":23},"end":{"line":1310,"column":24}},"loc":{"start":{"line":1310,"column":29},"end":{"line":1313,"column":15}},"line":1310},"100":{"name":"(anonymous_100)","decl":{"start":{"line":1320,"column":23},"end":{"line":1320,"column":24}},"loc":{"start":{"line":1320,"column":29},"end":{"line":1326,"column":15}},"line":1320},"101":{"name":"(anonymous_101)","decl":{"start":{"line":1333,"column":23},"end":{"line":1333,"column":24}},"loc":{"start":{"line":1333,"column":29},"end":{"line":1337,"column":15}},"line":1333},"102":{"name":"(anonymous_102)","decl":{"start":{"line":1375,"column":25},"end":{"line":1375,"column":26}},"loc":{"start":{"line":1375,"column":31},"end":{"line":1388,"column":17}},"line":1375},"103":{"name":"(anonymous_103)","decl":{"start":{"line":1476,"column":30},"end":{"line":1476,"column":31}},"loc":{"start":{"line":1477,"column":14},"end":{"line":1484,"column":20}},"line":1477},"104":{"name":"(anonymous_104)","decl":{"start":{"line":1480,"column":37},"end":{"line":1480,"column":38}},"loc":{"start":{"line":1481,"column":20},"end":{"line":1481,"column":93}},"line":1481},"105":{"name":"(anonymous_105)","decl":{"start":{"line":1489,"column":28},"end":{"line":1489,"column":29}},"loc":{"start":{"line":1490,"column":12},"end":{"line":1519,"column":18}},"line":1490},"106":{"name":"(anonymous_106)","decl":{"start":{"line":1501,"column":25},"end":{"line":1501,"column":26}},"loc":{"start":{"line":1501,"column":31},"end":{"line":1501,"column":55}},"line":1501},"107":{"name":"(anonymous_107)","decl":{"start":{"line":1502,"column":29},"end":{"line":1502,"column":30}},"loc":{"start":{"line":1502,"column":35},"end":{"line":1502,"column":59}},"line":1502},"108":{"name":"(anonymous_108)","decl":{"start":{"line":1503,"column":30},"end":{"line":1503,"column":31}},"loc":{"start":{"line":1503,"column":37},"end":{"line":1506,"column":17}},"line":1503},"109":{"name":"(anonymous_109)","decl":{"start":{"line":1523,"column":24},"end":{"line":1523,"column":25}},"loc":{"start":{"line":1524,"column":12},"end":{"line":1553,"column":18}},"line":1524},"110":{"name":"(anonymous_110)","decl":{"start":{"line":1535,"column":25},"end":{"line":1535,"column":26}},"loc":{"start":{"line":1535,"column":31},"end":{"line":1535,"column":71}},"line":1535},"111":{"name":"(anonymous_111)","decl":{"start":{"line":1536,"column":29},"end":{"line":1536,"column":30}},"loc":{"start":{"line":1536,"column":35},"end":{"line":1536,"column":75}},"line":1536},"112":{"name":"(anonymous_112)","decl":{"start":{"line":1537,"column":30},"end":{"line":1537,"column":31}},"loc":{"start":{"line":1537,"column":37},"end":{"line":1540,"column":17}},"line":1537}},"branchMap":{"0":{"loc":{"start":{"line":163,"column":6},"end":{"line":173,"column":7}},"type":"if","locations":[{"start":{"line":163,"column":6},"end":{"line":173,"column":7}},{"start":{"line":165,"column":13},"end":{"line":173,"column":7}}],"line":163},"1":{"loc":{"start":{"line":183,"column":4},"end":{"line":186,"column":5}},"type":"if","locations":[{"start":{"line":183,"column":4},"end":{"line":186,"column":5}},{"start":{},"end":{}}],"line":183},"2":{"loc":{"start":{"line":192,"column":4},"end":{"line":194,"column":5}},"type":"if","locations":[{"start":{"line":192,"column":4},"end":{"line":194,"column":5}},{"start":{},"end":{}}],"line":192},"3":{"loc":{"start":{"line":193,"column":37},"end":{"line":193,"column":85}},"type":"binary-expr","locations":[{"start":{"line":193,"column":37},"end":{"line":193,"column":56}},{"start":{"line":193,"column":60},"end":{"line":193,"column":85}}],"line":193},"4":{"loc":{"start":{"line":197,"column":42},"end":{"line":197,"column":51}},"type":"default-arg","locations":[{"start":{"line":197,"column":50},"end":{"line":197,"column":51}}],"line":197},"5":{"loc":{"start":{"line":228,"column":4},"end":{"line":247,"column":5}},"type":"if","locations":[{"start":{"line":228,"column":4},"end":{"line":247,"column":5}},{"start":{},"end":{}}],"line":228},"6":{"loc":{"start":{"line":228,"column":8},"end":{"line":228,"column":50}},"type":"binary-expr","locations":[{"start":{"line":228,"column":8},"end":{"line":228,"column":19}},{"start":{"line":228,"column":23},"end":{"line":228,"column":32}},{"start":{"line":228,"column":36},"end":{"line":228,"column":50}}],"line":228},"7":{"loc":{"start":{"line":233,"column":12},"end":{"line":241,"column":13}},"type":"if","locations":[{"start":{"line":233,"column":12},"end":{"line":241,"column":13}},{"start":{},"end":{}}],"line":233},"8":{"loc":{"start":{"line":233,"column":16},"end":{"line":233,"column":64}},"type":"binary-expr","locations":[{"start":{"line":233,"column":16},"end":{"line":233,"column":35}},{"start":{"line":233,"column":39},"end":{"line":233,"column":64}}],"line":233},"9":{"loc":{"start":{"line":235,"column":14},"end":{"line":240,"column":15}},"type":"if","locations":[{"start":{"line":235,"column":14},"end":{"line":240,"column":15}},{"start":{},"end":{}}],"line":235},"10":{"loc":{"start":{"line":237,"column":16},"end":{"line":239,"column":17}},"type":"if","locations":[{"start":{"line":237,"column":16},"end":{"line":239,"column":17}},{"start":{},"end":{}}],"line":237},"11":{"loc":{"start":{"line":252,"column":4},"end":{"line":265,"column":5}},"type":"if","locations":[{"start":{"line":252,"column":4},"end":{"line":265,"column":5}},{"start":{},"end":{}}],"line":252},"12":{"loc":{"start":{"line":272,"column":6},"end":{"line":272,"column":32}},"type":"if","locations":[{"start":{"line":272,"column":6},"end":{"line":272,"column":32}},{"start":{},"end":{}}],"line":272},"13":{"loc":{"start":{"line":291,"column":8},"end":{"line":293,"column":9}},"type":"if","locations":[{"start":{"line":291,"column":8},"end":{"line":293,"column":9}},{"start":{},"end":{}}],"line":291},"14":{"loc":{"start":{"line":299,"column":4},"end":{"line":329,"column":5}},"type":"switch","locations":[{"start":{"line":300,"column":6},"end":{"line":302,"column":14}},{"start":{"line":303,"column":6},"end":{"line":308,"column":14}},{"start":{"line":309,"column":6},"end":{"line":314,"column":14}},{"start":{"line":315,"column":6},"end":{"line":320,"column":14}},{"start":{"line":321,"column":6},"end":{"line":326,"column":14}},{"start":{"line":327,"column":6},"end":{"line":328,"column":14}}],"line":299},"15":{"loc":{"start":{"line":340,"column":4},"end":{"line":342,"column":5}},"type":"if","locations":[{"start":{"line":340,"column":4},"end":{"line":342,"column":5}},{"start":{},"end":{}}],"line":340},"16":{"loc":{"start":{"line":341,"column":37},"end":{"line":341,"column":85}},"type":"binary-expr","locations":[{"start":{"line":341,"column":37},"end":{"line":341,"column":56}},{"start":{"line":341,"column":60},"end":{"line":341,"column":85}}],"line":341},"17":{"loc":{"start":{"line":375,"column":4},"end":{"line":382,"column":5}},"type":"if","locations":[{"start":{"line":375,"column":4},"end":{"line":382,"column":5}},{"start":{},"end":{}}],"line":375},"18":{"loc":{"start":{"line":387,"column":4},"end":{"line":389,"column":5}},"type":"if","locations":[{"start":{"line":387,"column":4},"end":{"line":389,"column":5}},{"start":{},"end":{}}],"line":387},"19":{"loc":{"start":{"line":388,"column":37},"end":{"line":388,"column":85}},"type":"binary-expr","locations":[{"start":{"line":388,"column":37},"end":{"line":388,"column":56}},{"start":{"line":388,"column":60},"end":{"line":388,"column":85}}],"line":388},"20":{"loc":{"start":{"line":392,"column":4},"end":{"line":394,"column":5}},"type":"if","locations":[{"start":{"line":392,"column":4},"end":{"line":394,"column":5}},{"start":{},"end":{}}],"line":392},"21":{"loc":{"start":{"line":396,"column":28},"end":{"line":396,"column":41}},"type":"default-arg","locations":[{"start":{"line":396,"column":40},"end":{"line":396,"column":41}}],"line":396},"22":{"loc":{"start":{"line":397,"column":6},"end":{"line":401,"column":7}},"type":"if","locations":[{"start":{"line":397,"column":6},"end":{"line":401,"column":7}},{"start":{},"end":{}}],"line":397},"23":{"loc":{"start":{"line":418,"column":44},"end":{"line":418,"column":68}},"type":"cond-expr","locations":[{"start":{"line":418,"column":54},"end":{"line":418,"column":61}},{"start":{"line":418,"column":64},"end":{"line":418,"column":68}}],"line":418},"24":{"loc":{"start":{"line":419,"column":49},"end":{"line":419,"column":73}},"type":"cond-expr","locations":[{"start":{"line":419,"column":59},"end":{"line":419,"column":66}},{"start":{"line":419,"column":69},"end":{"line":419,"column":73}}],"line":419},"25":{"loc":{"start":{"line":420,"column":35},"end":{"line":420,"column":59}},"type":"cond-expr","locations":[{"start":{"line":420,"column":45},"end":{"line":420,"column":52}},{"start":{"line":420,"column":55},"end":{"line":420,"column":59}}],"line":420},"26":{"loc":{"start":{"line":435,"column":4},"end":{"line":438,"column":5}},"type":"if","locations":[{"start":{"line":435,"column":4},"end":{"line":438,"column":5}},{"start":{},"end":{}}],"line":435},"27":{"loc":{"start":{"line":443,"column":4},"end":{"line":451,"column":5}},"type":"if","locations":[{"start":{"line":443,"column":4},"end":{"line":451,"column":5}},{"start":{"line":449,"column":11},"end":{"line":451,"column":5}}],"line":443},"28":{"loc":{"start":{"line":443,"column":8},"end":{"line":443,"column":35}},"type":"binary-expr","locations":[{"start":{"line":443,"column":8},"end":{"line":443,"column":23}},{"start":{"line":443,"column":27},"end":{"line":443,"column":35}}],"line":443},"29":{"loc":{"start":{"line":449,"column":11},"end":{"line":451,"column":5}},"type":"if","locations":[{"start":{"line":449,"column":11},"end":{"line":451,"column":5}},{"start":{},"end":{}}],"line":449},"30":{"loc":{"start":{"line":479,"column":4},"end":{"line":479,"column":58}},"type":"if","locations":[{"start":{"line":479,"column":4},"end":{"line":479,"column":58}},{"start":{},"end":{}}],"line":479},"31":{"loc":{"start":{"line":479,"column":8},"end":{"line":479,"column":49}},"type":"binary-expr","locations":[{"start":{"line":479,"column":8},"end":{"line":479,"column":20}},{"start":{"line":479,"column":24},"end":{"line":479,"column":32}},{"start":{"line":479,"column":36},"end":{"line":479,"column":49}}],"line":479},"32":{"loc":{"start":{"line":484,"column":25},"end":{"line":484,"column":71}},"type":"cond-expr","locations":[{"start":{"line":484,"column":60},"end":{"line":484,"column":64}},{"start":{"line":484,"column":67},"end":{"line":484,"column":71}}],"line":484},"33":{"loc":{"start":{"line":489,"column":24},"end":{"line":489,"column":89}},"type":"cond-expr","locations":[{"start":{"line":489,"column":38},"end":{"line":489,"column":42}},{"start":{"line":489,"column":45},"end":{"line":489,"column":89}}],"line":489},"34":{"loc":{"start":{"line":491,"column":4},"end":{"line":511,"column":5}},"type":"if","locations":[{"start":{"line":491,"column":4},"end":{"line":511,"column":5}},{"start":{},"end":{}}],"line":491},"35":{"loc":{"start":{"line":491,"column":8},"end":{"line":491,"column":77}},"type":"binary-expr","locations":[{"start":{"line":491,"column":8},"end":{"line":491,"column":62}},{"start":{"line":491,"column":66},"end":{"line":491,"column":77}}],"line":491},"36":{"loc":{"start":{"line":492,"column":24},"end":{"line":492,"column":134}},"type":"cond-expr","locations":[{"start":{"line":492,"column":38},"end":{"line":492,"column":78}},{"start":{"line":492,"column":81},"end":{"line":492,"column":134}}],"line":492},"37":{"loc":{"start":{"line":498,"column":15},"end":{"line":500,"column":44}},"type":"cond-expr","locations":[{"start":{"line":499,"column":11},"end":{"line":499,"column":43}},{"start":{"line":500,"column":11},"end":{"line":500,"column":43}}],"line":498},"38":{"loc":{"start":{"line":519,"column":6},"end":{"line":531,"column":7}},"type":"if","locations":[{"start":{"line":519,"column":6},"end":{"line":531,"column":7}},{"start":{},"end":{}}],"line":519},"39":{"loc":{"start":{"line":520,"column":8},"end":{"line":529,"column":9}},"type":"if","locations":[{"start":{"line":520,"column":8},"end":{"line":529,"column":9}},{"start":{},"end":{}}],"line":520},"40":{"loc":{"start":{"line":523,"column":12},"end":{"line":525,"column":13}},"type":"if","locations":[{"start":{"line":523,"column":12},"end":{"line":525,"column":13}},{"start":{},"end":{}}],"line":523},"41":{"loc":{"start":{"line":546,"column":4},"end":{"line":548,"column":5}},"type":"if","locations":[{"start":{"line":546,"column":4},"end":{"line":548,"column":5}},{"start":{},"end":{}}],"line":546},"42":{"loc":{"start":{"line":546,"column":8},"end":{"line":546,"column":50}},"type":"binary-expr","locations":[{"start":{"line":546,"column":8},"end":{"line":546,"column":19}},{"start":{"line":546,"column":23},"end":{"line":546,"column":32}},{"start":{"line":546,"column":36},"end":{"line":546,"column":50}}],"line":546},"43":{"loc":{"start":{"line":551,"column":6},"end":{"line":553,"column":7}},"type":"if","locations":[{"start":{"line":551,"column":6},"end":{"line":553,"column":7}},{"start":{},"end":{}}],"line":551},"44":{"loc":{"start":{"line":567,"column":6},"end":{"line":567,"column":40}},"type":"if","locations":[{"start":{"line":567,"column":6},"end":{"line":567,"column":40}},{"start":{},"end":{}}],"line":567},"45":{"loc":{"start":{"line":597,"column":8},"end":{"line":599,"column":9}},"type":"if","locations":[{"start":{"line":597,"column":8},"end":{"line":599,"column":9}},{"start":{},"end":{}}],"line":597},"46":{"loc":{"start":{"line":608,"column":23},"end":{"line":608,"column":108}},"type":"cond-expr","locations":[{"start":{"line":608,"column":63},"end":{"line":608,"column":104}},{"start":{"line":608,"column":107},"end":{"line":608,"column":108}}],"line":608},"47":{"loc":{"start":{"line":623,"column":6},"end":{"line":638,"column":7}},"type":"if","locations":[{"start":{"line":623,"column":6},"end":{"line":638,"column":7}},{"start":{},"end":{}}],"line":623},"48":{"loc":{"start":{"line":624,"column":8},"end":{"line":637,"column":9}},"type":"if","locations":[{"start":{"line":624,"column":8},"end":{"line":637,"column":9}},{"start":{"line":629,"column":15},"end":{"line":637,"column":9}}],"line":624},"49":{"loc":{"start":{"line":669,"column":4},"end":{"line":671,"column":5}},"type":"if","locations":[{"start":{"line":669,"column":4},"end":{"line":671,"column":5}},{"start":{},"end":{}}],"line":669},"50":{"loc":{"start":{"line":678,"column":2},"end":{"line":708,"column":3}},"type":"if","locations":[{"start":{"line":678,"column":2},"end":{"line":708,"column":3}},{"start":{},"end":{}}],"line":678},"51":{"loc":{"start":{"line":710,"column":2},"end":{"line":1154,"column":3}},"type":"if","locations":[{"start":{"line":710,"column":2},"end":{"line":1154,"column":3}},{"start":{},"end":{}}],"line":710},"52":{"loc":{"start":{"line":788,"column":21},"end":{"line":806,"column":21}},"type":"cond-expr","locations":[{"start":{"line":789,"column":22},"end":{"line":801,"column":24}},{"start":{"line":803,"column":22},"end":{"line":805,"column":28}}],"line":788},"53":{"loc":{"start":{"line":869,"column":12},"end":{"line":875,"column":13}},"type":"if","locations":[{"start":{"line":869,"column":12},"end":{"line":875,"column":13}},{"start":{},"end":{}}],"line":869},"54":{"loc":{"start":{"line":869,"column":16},"end":{"line":869,"column":106}},"type":"binary-expr","locations":[{"start":{"line":869,"column":16},"end":{"line":869,"column":30}},{"start":{"line":869,"column":34},"end":{"line":869,"column":57}},{"start":{"line":869,"column":61},"end":{"line":869,"column":106}}],"line":869},"55":{"loc":{"start":{"line":878,"column":12},"end":{"line":885,"column":13}},"type":"if","locations":[{"start":{"line":878,"column":12},"end":{"line":885,"column":13}},{"start":{"line":880,"column":19},"end":{"line":885,"column":13}}],"line":878},"56":{"loc":{"start":{"line":888,"column":17},"end":{"line":888,"column":56}},"type":"cond-expr","locations":[{"start":{"line":888,"column":27},"end":{"line":888,"column":41}},{"start":{"line":888,"column":44},"end":{"line":888,"column":56}}],"line":888},"57":{"loc":{"start":{"line":890,"column":11},"end":{"line":899,"column":11}},"type":"cond-expr","locations":[{"start":{"line":891,"column":12},"end":{"line":894,"column":18}},{"start":{"line":896,"column":12},"end":{"line":898,"column":18}}],"line":890},"58":{"loc":{"start":{"line":903,"column":92},"end":{"line":903,"column":146}},"type":"cond-expr","locations":[{"start":{"line":903,"column":110},"end":{"line":903,"column":125}},{"start":{"line":903,"column":128},"end":{"line":903,"column":146}}],"line":903},"59":{"loc":{"start":{"line":948,"column":7},"end":{"line":1001,"column":7}},"type":"binary-expr","locations":[{"start":{"line":948,"column":7},"end":{"line":948,"column":23}},{"start":{"line":949,"column":8},"end":{"line":1000,"column":14}}],"line":948},"60":{"loc":{"start":{"line":984,"column":27},"end":{"line":984,"column":63}},"type":"binary-expr","locations":[{"start":{"line":984,"column":27},"end":{"line":984,"column":38}},{"start":{"line":984,"column":42},"end":{"line":984,"column":63}}],"line":984},"61":{"loc":{"start":{"line":990,"column":27},"end":{"line":990,"column":63}},"type":"binary-expr","locations":[{"start":{"line":990,"column":27},"end":{"line":990,"column":38}},{"start":{"line":990,"column":42},"end":{"line":990,"column":63}}],"line":990},"62":{"loc":{"start":{"line":1004,"column":7},"end":{"line":1092,"column":7}},"type":"binary-expr","locations":[{"start":{"line":1004,"column":7},"end":{"line":1004,"column":23}},{"start":{"line":1005,"column":8},"end":{"line":1091,"column":14}}],"line":1004},"63":{"loc":{"start":{"line":1028,"column":15},"end":{"line":1033,"column":15}},"type":"binary-expr","locations":[{"start":{"line":1028,"column":15},"end":{"line":1028,"column":34}},{"start":{"line":1029,"column":16},"end":{"line":1032,"column":22}}],"line":1028},"64":{"loc":{"start":{"line":1074,"column":27},"end":{"line":1074,"column":60}},"type":"binary-expr","locations":[{"start":{"line":1074,"column":27},"end":{"line":1074,"column":36}},{"start":{"line":1074,"column":40},"end":{"line":1074,"column":60}}],"line":1074},"65":{"loc":{"start":{"line":1095,"column":7},"end":{"line":1121,"column":7}},"type":"binary-expr","locations":[{"start":{"line":1095,"column":7},"end":{"line":1095,"column":20}},{"start":{"line":1096,"column":8},"end":{"line":1120,"column":14}}],"line":1095},"66":{"loc":{"start":{"line":1117,"column":63},"end":{"line":1117,"column":92}},"type":"binary-expr","locations":[{"start":{"line":1117,"column":63},"end":{"line":1117,"column":80}},{"start":{"line":1117,"column":84},"end":{"line":1117,"column":92}}],"line":1117},"67":{"loc":{"start":{"line":1124,"column":7},"end":{"line":1151,"column":7}},"type":"binary-expr","locations":[{"start":{"line":1124,"column":7},"end":{"line":1124,"column":20}},{"start":{"line":1125,"column":8},"end":{"line":1150,"column":14}}],"line":1124},"68":{"loc":{"start":{"line":1147,"column":63},"end":{"line":1147,"column":91}},"type":"binary-expr","locations":[{"start":{"line":1147,"column":63},"end":{"line":1147,"column":80}},{"start":{"line":1147,"column":84},"end":{"line":1147,"column":91}}],"line":1147},"69":{"loc":{"start":{"line":1156,"column":2},"end":{"line":1282,"column":3}},"type":"if","locations":[{"start":{"line":1156,"column":2},"end":{"line":1282,"column":3}},{"start":{},"end":{}}],"line":1156},"70":{"loc":{"start":{"line":1181,"column":13},"end":{"line":1190,"column":13}},"type":"binary-expr","locations":[{"start":{"line":1181,"column":13},"end":{"line":1181,"column":37}},{"start":{"line":1182,"column":14},"end":{"line":1189,"column":16}}],"line":1181},"71":{"loc":{"start":{"line":1191,"column":13},"end":{"line":1200,"column":13}},"type":"binary-expr","locations":[{"start":{"line":1191,"column":13},"end":{"line":1191,"column":36}},{"start":{"line":1192,"column":14},"end":{"line":1199,"column":16}}],"line":1191},"72":{"loc":{"start":{"line":1201,"column":13},"end":{"line":1210,"column":13}},"type":"binary-expr","locations":[{"start":{"line":1201,"column":13},"end":{"line":1201,"column":39}},{"start":{"line":1202,"column":14},"end":{"line":1209,"column":16}}],"line":1201},"73":{"loc":{"start":{"line":1247,"column":16},"end":{"line":1250,"column":17}},"type":"if","locations":[{"start":{"line":1247,"column":16},"end":{"line":1250,"column":17}},{"start":{},"end":{}}],"line":1247},"74":{"loc":{"start":{"line":1259,"column":16},"end":{"line":1262,"column":17}},"type":"if","locations":[{"start":{"line":1259,"column":16},"end":{"line":1262,"column":17}},{"start":{},"end":{}}],"line":1259},"75":{"loc":{"start":{"line":1285,"column":2},"end":{"line":1346,"column":3}},"type":"if","locations":[{"start":{"line":1285,"column":2},"end":{"line":1346,"column":3}},{"start":{},"end":{}}],"line":1285},"76":{"loc":{"start":{"line":1285,"column":6},"end":{"line":1285,"column":37}},"type":"binary-expr","locations":[{"start":{"line":1285,"column":6},"end":{"line":1285,"column":20}},{"start":{"line":1285,"column":24},"end":{"line":1285,"column":37}}],"line":1285},"77":{"loc":{"start":{"line":1348,"column":2},"end":{"line":1405,"column":3}},"type":"if","locations":[{"start":{"line":1348,"column":2},"end":{"line":1405,"column":3}},{"start":{},"end":{}}],"line":1348},"78":{"loc":{"start":{"line":1373,"column":13},"end":{"line":1393,"column":13}},"type":"binary-expr","locations":[{"start":{"line":1373,"column":13},"end":{"line":1373,"column":22}},{"start":{"line":1374,"column":14},"end":{"line":1392,"column":23}}],"line":1373},"79":{"loc":{"start":{"line":1384,"column":18},"end":{"line":1386,"column":19}},"type":"if","locations":[{"start":{"line":1384,"column":18},"end":{"line":1386,"column":19}},{"start":{},"end":{}}],"line":1384},"80":{"loc":{"start":{"line":1430,"column":66},"end":{"line":1430,"column":111}},"type":"cond-expr","locations":[{"start":{"line":1430,"column":80},"end":{"line":1430,"column":83}},{"start":{"line":1430,"column":86},"end":{"line":1430,"column":111}}],"line":1430},"81":{"loc":{"start":{"line":1432,"column":11},"end":{"line":1439,"column":11}},"type":"binary-expr","locations":[{"start":{"line":1432,"column":11},"end":{"line":1432,"column":22}},{"start":{"line":1433,"column":12},"end":{"line":1438,"column":21}}],"line":1432},"82":{"loc":{"start":{"line":1444,"column":63},"end":{"line":1444,"column":94}},"type":"cond-expr","locations":[{"start":{"line":1444,"column":75},"end":{"line":1444,"column":89}},{"start":{"line":1444,"column":92},"end":{"line":1444,"column":94}}],"line":1444},"83":{"loc":{"start":{"line":1453,"column":9},"end":{"line":1471,"column":9}},"type":"binary-expr","locations":[{"start":{"line":1453,"column":10},"end":{"line":1453,"column":42}},{"start":{"line":1453,"column":46},"end":{"line":1453,"column":78}},{"start":{"line":1453,"column":82},"end":{"line":1453,"column":119}},{"start":{"line":1454,"column":10},"end":{"line":1470,"column":16}}],"line":1453},"84":{"loc":{"start":{"line":1455,"column":13},"end":{"line":1459,"column":13}},"type":"binary-expr","locations":[{"start":{"line":1455,"column":13},"end":{"line":1455,"column":45}},{"start":{"line":1456,"column":14},"end":{"line":1458,"column":20}}],"line":1455},"85":{"loc":{"start":{"line":1460,"column":13},"end":{"line":1464,"column":13}},"type":"binary-expr","locations":[{"start":{"line":1460,"column":13},"end":{"line":1460,"column":45}},{"start":{"line":1461,"column":14},"end":{"line":1463,"column":20}}],"line":1460},"86":{"loc":{"start":{"line":1465,"column":13},"end":{"line":1469,"column":13}},"type":"binary-expr","locations":[{"start":{"line":1465,"column":13},"end":{"line":1465,"column":50}},{"start":{"line":1466,"column":14},"end":{"line":1468,"column":20}}],"line":1465},"87":{"loc":{"start":{"line":1474,"column":84},"end":{"line":1474,"column":164}},"type":"cond-expr","locations":[{"start":{"line":1474,"column":119},"end":{"line":1474,"column":159}},{"start":{"line":1474,"column":162},"end":{"line":1474,"column":164}}],"line":1474},"88":{"loc":{"start":{"line":1474,"column":168},"end":{"line":1474,"column":246}},"type":"cond-expr","locations":[{"start":{"line":1474,"column":203},"end":{"line":1474,"column":241}},{"start":{"line":1474,"column":244},"end":{"line":1474,"column":246}}],"line":1474},"89":{"loc":{"start":{"line":1565,"column":9},"end":{"line":1571,"column":9}},"type":"binary-expr","locations":[{"start":{"line":1565,"column":9},"end":{"line":1565,"column":22}},{"start":{"line":1566,"column":10},"end":{"line":1570,"column":16}}],"line":1565}},"s":{"0":4,"1":107,"2":92,"3":92,"4":92,"5":92,"6":92,"7":92,"8":92,"9":92,"10":92,"11":92,"12":92,"13":92,"14":92,"15":92,"16":92,"17":92,"18":92,"19":92,"20":92,"21":92,"22":92,"23":92,"24":92,"25":92,"26":92,"27":92,"28":92,"29":92,"30":92,"31":20,"32":20,"33":20,"34":160,"35":20,"36":20,"37":120,"38":20,"39":20,"40":200,"41":20,"42":92,"43":92,"44":92,"45":92,"46":92,"47":92,"48":20,"49":92,"50":20,"51":92,"52":20,"53":92,"54":20,"55":92,"56":20,"57":92,"58":20,"59":20,"60":66,"61":66,"62":66,"63":0,"64":0,"65":0,"66":0,"67":0,"68":0,"69":20,"70":20,"71":20,"72":20,"73":92,"74":40,"75":20,"76":20,"77":92,"78":8,"79":8,"80":8,"81":8,"82":24,"83":24,"84":24,"85":24,"86":24,"87":24,"88":24,"89":24,"90":24,"91":24,"92":24,"93":0,"94":0,"95":0,"96":8,"97":8,"98":8,"99":92,"100":28,"101":8,"102":378,"103":11,"104":11,"105":33,"106":0,"107":0,"108":0,"109":0,"110":0,"111":11,"112":8,"113":8,"114":92,"115":28,"116":3,"117":3,"118":3,"119":3,"120":0,"121":92,"122":0,"123":0,"124":0,"125":0,"126":0,"127":0,"128":0,"129":0,"130":0,"131":0,"132":0,"133":0,"134":0,"135":0,"136":0,"137":0,"138":0,"139":0,"140":0,"141":0,"142":0,"143":0,"144":0,"145":0,"146":0,"147":0,"148":0,"149":0,"150":0,"151":0,"152":0,"153":0,"154":0,"155":0,"156":0,"157":0,"158":92,"159":0,"160":0,"161":0,"162":0,"163":0,"164":0,"165":0,"166":0,"167":0,"168":0,"169":0,"170":0,"171":0,"172":0,"173":0,"174":0,"175":0,"176":0,"177":0,"178":0,"179":0,"180":0,"181":0,"182":0,"183":0,"184":92,"185":0,"186":0,"187":0,"188":0,"189":0,"190":0,"191":0,"192":0,"193":0,"194":0,"195":0,"196":0,"197":0,"198":0,"199":0,"200":0,"201":0,"202":0,"203":0,"204":0,"205":0,"206":0,"207":0,"208":0,"209":0,"210":0,"211":0,"212":0,"213":92,"214":20,"215":0,"216":0,"217":92,"218":20,"219":0,"220":0,"221":0,"222":0,"223":20,"224":20,"225":92,"226":20,"227":20,"228":20,"229":20,"230":19,"231":19,"232":19,"233":19,"234":1,"235":1,"236":1,"237":20,"238":20,"239":92,"240":756,"241":0,"242":756,"243":756,"244":756,"245":756,"246":756,"247":28,"248":28,"249":28,"250":1,"251":28,"252":1,"253":28,"254":28,"255":756,"256":23,"257":23,"258":23,"259":0,"260":0,"261":0,"262":0,"263":0,"264":0,"265":0,"266":0,"267":23,"268":756,"269":23,"270":0,"271":0,"272":92,"273":29,"274":9,"275":29,"276":29,"277":9,"278":92,"279":0,"280":0,"281":0,"282":0,"283":0,"284":0,"285":0,"286":0,"287":0,"288":0,"289":0,"290":0,"291":0,"292":0,"293":0,"294":0,"295":0,"296":0,"297":0,"298":0,"299":0,"300":0,"301":0,"302":0,"303":0,"304":0,"305":0,"306":0,"307":0,"308":0,"309":0,"310":0,"311":0,"312":0,"313":0,"314":0,"315":0,"316":0,"317":0,"318":0,"319":0,"320":0,"321":0,"322":0,"323":0,"324":0,"325":0,"326":0,"327":92,"328":0,"329":0,"330":0,"331":0,"332":0,"333":0,"334":0,"335":0,"336":0,"337":0,"338":0,"339":0,"340":0,"341":0,"342":0,"343":0,"344":0,"345":0,"346":0,"347":0,"348":0,"349":0,"350":92,"351":20,"352":72,"353":0,"354":0,"355":0,"356":0,"357":0,"358":0,"359":0,"360":0,"361":0,"362":0,"363":0,"364":0,"365":0,"366":0,"367":0,"368":0,"369":0,"370":0,"371":0,"372":0,"373":0,"374":0,"375":0,"376":0,"377":0,"378":0,"379":0,"380":0,"381":0,"382":0,"383":0,"384":0,"385":0,"386":0,"387":0,"388":0,"389":0,"390":0,"391":0,"392":0,"393":0,"394":0,"395":0,"396":0,"397":0,"398":0,"399":72,"400":41,"401":984,"402":205,"403":8,"404":8,"405":8,"406":8,"407":0,"408":0,"409":0,"410":31,"411":0,"412":0,"413":0,"414":0,"415":0,"416":0,"417":0,"418":0,"419":0,"420":0,"421":0,"422":31,"423":0,"424":0,"425":0,"426":0,"427":0,"428":0,"429":0,"430":0,"431":31,"432":124,"433":992,"434":23,"435":0,"436":0,"437":0,"438":0,"439":0,"440":0,"441":0,"442":0,"443":0},"f":{"0":107,"1":20,"2":20,"3":20,"4":20,"5":20,"6":20,"7":20,"8":66,"9":20,"10":40,"11":8,"12":24,"13":24,"14":24,"15":28,"16":378,"17":11,"18":33,"19":8,"20":28,"21":0,"22":0,"23":0,"24":0,"25":0,"26":0,"27":0,"28":0,"29":0,"30":0,"31":0,"32":0,"33":0,"34":0,"35":0,"36":0,"37":0,"38":0,"39":20,"40":20,"41":0,"42":0,"43":20,"44":20,"45":756,"46":1,"47":1,"48":23,"49":23,"50":23,"51":0,"52":23,"53":0,"54":0,"55":29,"56":29,"57":0,"58":0,"59":0,"60":0,"61":0,"62":0,"63":0,"64":0,"65":0,"66":0,"67":0,"68":0,"69":0,"70":0,"71":0,"72":0,"73":0,"74":0,"75":0,"76":0,"77":0,"78":0,"79":0,"80":0,"81":0,"82":0,"83":0,"84":0,"85":0,"86":0,"87":0,"88":0,"89":0,"90":0,"91":0,"92":0,"93":0,"94":0,"95":984,"96":205,"97":8,"98":0,"99":0,"100":0,"101":0,"102":0,"103":124,"104":992,"105":23,"106":0,"107":0,"108":0,"109":0,"110":0,"111":0,"112":0},"b":{"0":[66,0],"1":[20,20],"2":[8,0],"3":[8,0],"4":[0],"5":[8,20],"6":[28,8,8],"7":[0,33],"8":[33,0],"9":[0,0],"10":[0,0],"11":[3,25],"12":[0,0],"13":[0,0],"14":[0,0,0,0,0,0],"15":[0,0],"16":[0,0],"17":[0,0],"18":[0,0],"19":[0,0],"20":[0,0],"21":[0],"22":[0,0],"23":[0,0],"24":[0,0],"25":[0,0],"26":[0,20],"27":[0,20],"28":[20,0],"29":[20,0],"30":[0,756],"31":[756,756,756],"32":[0,756],"33":[0,756],"34":[28,728],"35":[756,28],"36":[0,28],"37":[0,28],"38":[0,23],"39":[0,0],"40":[0,0],"41":[9,20],"42":[29,9,9],"43":[9,20],"44":[0,0],"45":[0,0],"46":[0,0],"47":[0,0],"48":[0,0],"49":[0,0],"50":[20,72],"51":[0,72],"52":[0,0],"53":[0,0],"54":[0,0,0],"55":[0,0],"56":[0,0],"57":[0,0],"58":[0,0],"59":[0,0],"60":[0,0],"61":[0,0],"62":[0,0],"63":[0,0],"64":[0,0],"65":[0,0],"66":[0,0],"67":[0,0],"68":[0,0],"69":[41,31],"70":[984,328],"7
[...]
,"D:\\pianoTiles\\birthday-piano-app\\src\\utils\\mediaLoader.js": {"path":"D:\\pianoTiles\\birthday-piano-app\\src\\utils\\mediaLoader.js","statementMap":{"0":{"start":{"line":2,"column":30},"end":{"line":76,"column":1}},"1":{"start":{"line":3,"column":2},"end":{"line":75,"column":3}},"2":{"start":{"line":4,"column":21},"end":{"line":4,"column":23}},"3":{"start":{"line":5,"column":19},"end":{"line":5,"column":21}},"4":{"start":{"line":8,"column":26},"end":{"line":49,"column":5}},"5":{"start":{"line":52,"column":4},"end":{"line":59,"column":7}},"6":{"start":{"line":53,"column":6},"end":{"line":58,"column":9}},"7":{"start":{"line":62,"column":4},"end":{"line":67,"column":7}},"8":{"start":{"line":69,"column":4},"end":{"line":69,"column":65}},"9":{"start":{"line":70,"column":4},"end":{"line":70,"column":32}},"10":{"start":{"line":72,"column":4},"end":{"line":72,"column":55}},"11":{"start":{"line":74,"column":4},"end":{"line":74,"column":40}},"12":{"start":{"line":79,"column":31},"end":{"line":87,"column":1}},"13":{"start":{"line":80,"column":14},"end":{"line":80,"column":42}},"14":{"start":{"line":81,"column":2},"end":{"line":86,"column":4}}},"fnMap":{"0":{"name":"(anonymous_0)","decl":{"start":{"line":2,"column":30},"end":{"line":2,"column":31}},"loc":{"start":{"line":2,"column":42},"end":{"line":76,"column":1}},"line":2},"1":{"name":"(anonymous_1)","decl":{"start":{"line":52,"column":26},"end":{"line":52,"column":27}},"loc":{"start":{"line":52,"column":43},"end":{"line":59,"column":5}},"line":52},"2":{"name":"(anonymous_2)","decl":{"start":{"line":79,"column":31},"end":{"line":79,"column":32}},"loc":{"start":{"line":79,"column":56},"end":{"line":87,"column":1}},"line":79}},"branchMap":{"0":{"loc":{"start":{"line":84,"column":9},"end":{"line":84,"column":24}},"type":"binary-expr","locations":[{"start":{"line":84,"column":9},"end":{"line":84,"column":12}},{"start":{"line":84,"column":16},"end":{"line":84,"column":24}}],"line":84}},"s":{"0":4,"1":14,"2":14,"3":14,"4":14,"5":14,"6":560,"7":14,"8":14,"9":13,"10":1,"11":1,"12":4,"13":6,"14":6},"f":{"0":14,"1":560,"2":6},"b":{"0":[6,5]},"_coverageSchema":"1a1c01bbd47fc00a2c39e90264f33305004495a9","hash":"e95b21455fa59ccb51548775c595695949d0c997"}
,"D:\\pianoTiles\\birthday-piano-app\\src\\utils\\mediaUtils.js": {"path":"D:\\pianoTiles\\birthday-piano-app\\src\\utils\\mediaUtils.js","statementMap":{"0":{"start":{"line":2,"column":34},"end":{"line":13,"column":1}},"1":{"start":{"line":3,"column":2},"end":{"line":12,"column":5}},"2":{"start":{"line":4,"column":16},"end":{"line":4,"column":27}},"3":{"start":{"line":5,"column":4},"end":{"line":10,"column":6}},"4":{"start":{"line":6,"column":6},"end":{"line":9,"column":9}},"5":{"start":{"line":11,"column":4},"end":{"line":11,"column":40}},"6":{"start":{"line":15,"column":34},"end":{"line":26,"column":1}},"7":{"start":{"line":16,"column":2},"end":{"line":25,"column":5}},"8":{"start":{"line":17,"column":18},"end":{"line":17,"column":49}},"9":{"start":{"line":18,"column":4},"end":{"line":23,"column":6}},"10":{"start":{"line":19,"column":6},"end":{"line":22,"column":9}},"11":{"start":{"line":24,"column":4},"end":{"line":24,"column":42}},"12":{"start":{"line":29,"column":38},"end":{"line":45,"column":1}},"13":{"start":{"line":30,"column":2},"end":{"line":44,"column":5}},"14":{"start":{"line":31,"column":18},"end":{"line":31,"column":49}},"15":{"start":{"line":32,"column":19},"end":{"line":32,"column":51}},"16":{"start":{"line":33,"column":20},"end":{"line":33,"column":43}},"17":{"start":{"line":35,"column":4},"end":{"line":40,"column":6}},"18":{"start":{"line":36,"column":6},"end":{"line":36,"column":38}},"19":{"start":{"line":37,"column":6},"end":{"line":37,"column":40}},"20":{"start":{"line":38,"column":6},"end":{"line":38,"column":66}},"21":{"start":{"line":39,"column":6},"end":{"line":39,"column":46}},"22":{"start":{"line":42,"column":4},"end":{"line":42,"column":42}},"23":{"start":{"line":43,"column":4},"end":{"line":43,"column":26}},"24":{"start":{"line":48,"column":32},"end":{"line":51,"column":1}},"25":{"start":{"line":49,"column":21},"end":{"line":49,"column":61}},"26":{"start":{"line":50,"column":2},"end":{"line":50,"column":40}},"27":{"start":{"line":53,"column":32},"end":{"line":56,"column":1}},"28":{"start":{"line":54,"column":21},"end":{"line":54,"column":61}},"29":{"start":{"line":55,"column":2},"end":{"line":55,"column":40}},"30":{"start":{"line":59,"column":33},"end":{"line":66,"column":1}},"31":{"start":{"line":60,"column":2},"end":{"line":65,"column":5}},"32":{"start":{"line":62,"column":19},"end":{"line":62,"column":37}},"33":{"start":{"line":63,"column":19},"end":{"line":63,"column":37}},"34":{"start":{"line":64,"column":4},"end":{"line":64,"column":55}}},"fnMap":{"0":{"name":"(anonymous_0)","decl":{"start":{"line":2,"column":34},"end":{"line":2,"column":35}},"loc":{"start":{"line":2,"column":44},"end":{"line":13,"column":1}},"line":2},"1":{"name":"(anonymous_1)","decl":{"start":{"line":3,"column":21},"end":{"line":3,"column":22}},"loc":{"start":{"line":3,"column":34},"end":{"line":12,"column":3}},"line":3},"2":{"name":"(anonymous_2)","decl":{"start":{"line":5,"column":17},"end":{"line":5,"column":18}},"loc":{"start":{"line":5,"column":23},"end":{"line":10,"column":5}},"line":5},"3":{"name":"(anonymous_3)","decl":{"start":{"line":15,"column":34},"end":{"line":15,"column":35}},"loc":{"start":{"line":15,"column":44},"end":{"line":26,"column":1}},"line":15},"4":{"name":"(anonymous_4)","decl":{"start":{"line":16,"column":21},"end":{"line":16,"column":22}},"loc":{"start":{"line":16,"column":34},"end":{"line":25,"column":3}},"line":16},"5":{"name":"(anonymous_5)","decl":{"start":{"line":18,"column":29},"end":{"line":18,"column":30}},"loc":{"start":{"line":18,"column":35},"end":{"line":23,"column":5}},"line":18},"6":{"name":"(anonymous_6)","decl":{"start":{"line":29,"column":38},"end":{"line":29,"column":39}},"loc":{"start":{"line":29,"column":48},"end":{"line":45,"column":1}},"line":29},"7":{"name":"(anonymous_7)","decl":{"start":{"line":30,"column":21},"end":{"line":30,"column":22}},"loc":{"start":{"line":30,"column":34},"end":{"line":44,"column":3}},"line":30},"8":{"name":"(anonymous_8)","decl":{"start":{"line":35,"column":25},"end":{"line":35,"column":26}},"loc":{"start":{"line":35,"column":31},"end":{"line":40,"column":5}},"line":35},"9":{"name":"(anonymous_9)","decl":{"start":{"line":48,"column":32},"end":{"line":48,"column":33}},"loc":{"start":{"line":48,"column":42},"end":{"line":51,"column":1}},"line":48},"10":{"name":"(anonymous_10)","decl":{"start":{"line":53,"column":32},"end":{"line":53,"column":33}},"loc":{"start":{"line":53,"column":42},"end":{"line":56,"column":1}},"line":53},"11":{"name":"(anonymous_11)","decl":{"start":{"line":59,"column":33},"end":{"line":59,"column":34}},"loc":{"start":{"line":59,"column":44},"end":{"line":66,"column":1}},"line":59},"12":{"name":"(anonymous_12)","decl":{"start":{"line":60,"column":20},"end":{"line":60,"column":21}},"loc":{"start":{"line":60,"column":30},"end":{"line":65,"column":3}},"line":60}},"branchMap":{},"s":{"0":0,"1":0,"2":0,"3":0,"4":0,"5":0,"6":0,"7":0,"8":0,"9":0,"10":0,"11":0,"12":0,"13":0,"14":0,"15":0,"16":0,"17":0,"18":0,"19":0,"20":0,"21":0,"22":0,"23":0,"24":0,"25":0,"26":0,"27":0,"28":0,"29":0,"30":0,"31":0,"32":0,"33":0,"34":0},"f":{"0":0,"1":0,"2":0,"3":0,"4":0,"5":0,"6":0,"7":0,"8":0,"9":0,"10":0,"11":0,"12":0},"b":{}}
,"D:\\pianoTiles\\birthday-piano-app\\src\\utils\\performance.js": {"path":"D:\\pianoTiles\\birthday-piano-app\\src\\utils\\performance.js","statementMap":{"0":{"start":{"line":4,"column":24},"end":{"line":14,"column":1}},"1":{"start":{"line":6,"column":2},"end":{"line":13,"column":4}},"2":{"start":{"line":7,"column":18},"end":{"line":10,"column":5}},"3":{"start":{"line":8,"column":6},"end":{"line":8,"column":28}},"4":{"start":{"line":9,"column":6},"end":{"line":9,"column":20}},"5":{"start":{"line":11,"column":4},"end":{"line":11,"column":26}},"6":{"start":{"line":12,"column":4},"end":{"line":12,"column":38}},"7":{"start":{"line":17,"column":24},"end":{"line":28,"column":1}},"8":{"start":{"line":19,"column":2},"end":{"line":27,"column":4}},"9":{"start":{"line":20,"column":17},"end":{"line":20,"column":26}},"10":{"start":{"line":21,"column":20},"end":{"line":21,"column":24}},"11":{"start":{"line":22,"column":4},"end":{"line":26,"column":5}},"12":{"start":{"line":23,"column":6},"end":{"line":23,"column":32}},"13":{"start":{"line":24,"column":6},"end":{"line":24,"column":24}},"14":{"start":{"line":25,"column":6},"end":{"line":25,"column":50}},"15":{"start":{"line":25,"column":23},"end":{"line":25,"column":41}},"16":{"start":{"line":31,"column":23},"end":{"line":42,"column":1}},"17":{"start":{"line":32,"column":16},"end":{"line":32,"column":25}},"18":{"start":{"line":33,"column":2},"end":{"line":41,"column":4}},"19":{"start":{"line":34,"column":16},"end":{"line":34,"column":36}},"20":{"start":{"line":35,"column":4},"end":{"line":37,"column":5}},"21":{"start":{"line":36,"column":6},"end":{"line":36,"column":28}},"22":{"start":{"line":38,"column":19},"end":{"line":38,"column":30}},"23":{"start":{"line":39,"column":4},"end":{"line":39,"column":27}},"24":{"start":{"line":40,"column":4},"end":{"line":40,"column":18}},"25":{"start":{"line":45,"column":44},"end":{"line":49,"column":1}},"26":{"start":{"line":46,"column":17},"end":{"line":46,"column":49}},"27":{"start":{"line":47,"column":13},"end":{"line":47,"column":82}},"28":{"start":{"line":48,"column":2},"end":{"line":48,"column":14}},"29":{"start":{"line":52,"column":40},"end":{"line":73,"column":1}},"30":{"start":{"line":53,"column":17},"end":{"line":53,"column":49}},"31":{"start":{"line":54,"column":13},"end":{"line":54,"column":82}},"32":{"start":{"line":56,"column":2},"end":{"line":56,"column":24}},"33":{"start":{"line":56,"column":11},"end":{"line":56,"column":24}},"34":{"start":{"line":58,"column":20},"end":{"line":58,"column":64}},"35":{"start":{"line":59,"column":2},"end":{"line":65,"column":3}},"36":{"start":{"line":60,"column":21},"end":{"line":60,"column":71}},"37":{"start":{"line":62,"column":4},"end":{"line":64,"column":5}},"38":{"start":{"line":63,"column":6},"end":{"line":63,"column":20}},"39":{"start":{"line":68,"column":2},"end":{"line":70,"column":3}},"40":{"start":{"line":69,"column":4},"end":{"line":69,"column":20}},"41":{"start":{"line":72,"column":2},"end":{"line":72,"column":15}},"42":{"start":{"line":76,"column":45},"end":{"line":103,"column":1}},"43":{"start":{"line":77,"column":26},"end":{"line":77,"column":52}},"44":{"start":{"line":79,"column":2},"end":{"line":102,"column":3}},"45":{"start":{"line":81,"column":6},"end":{"line":86,"column":8}},"46":{"start":{"line":88,"column":6},"end":{"line":93,"column":8}},"47":{"start":{"line":96,"column":6},"end":{"line":101,"column":8}},"48":{"start":{"line":106,"column":32},"end":{"line":113,"column":1}},"49":{"start":{"line":108,"column":2},"end":{"line":112,"column":3}},"50":{"start":{"line":109,"column":25},"end":{"line":109,"column":81}},"51":{"start":{"line":111,"column":4},"end":{"line":111,"column":27}},"52":{"start":{"line":116,"column":35},"end":{"line":132,"column":1}},"53":{"start":{"line":117,"column":16},"end":{"line":117,"column":25}},"54":{"start":{"line":118,"column":23},"end":{"line":118,"column":25}},"55":{"start":{"line":120,"column":2},"end":{"line":131,"column":4}},"56":{"start":{"line":122,"column":6},"end":{"line":125,"column":7}},"57":{"start":{"line":123,"column":25},"end":{"line":123,"column":50}},"58":{"start":{"line":124,"column":8},"end":{"line":124,"column":31}},"59":{"start":{"line":126,"column":6},"end":{"line":126,"column":28}},"60":{"start":{"line":128,"column":18},"end":{"line":128,"column":32}},"61":{"start":{"line":129,"column":17},"end":{"line":129,"column":30}},"62":{"start":{"line":130,"column":16},"end":{"line":130,"column":26}}},"fnMap":{"0":{"name":"(anonymous_0)","decl":{"start":{"line":4,"column":24},"end":{"line":4,"column":25}},"loc":{"start":{"line":4,"column":40},"end":{"line":14,"column":1}},"line":4},"1":{"name":"executedFunction","decl":{"start":{"line":6,"column":18},"end":{"line":6,"column":34}},"loc":{"start":{"line":6,"column":44},"end":{"line":13,"column":3}},"line":6},"2":{"name":"(anonymous_2)","decl":{"start":{"line":7,"column":18},"end":{"line":7,"column":19}},"loc":{"start":{"line":7,"column":24},"end":{"line":10,"column":5}},"line":7},"3":{"name":"(anonymous_3)","decl":{"start":{"line":17,"column":24},"end":{"line":17,"column":25}},"loc":{"start":{"line":17,"column":41},"end":{"line":28,"column":1}},"line":17},"4":{"name":"(anonymous_4)","decl":{"start":{"line":19,"column":9},"end":{"line":19,"column":10}},"loc":{"start":{"line":19,"column":20},"end":{"line":27,"column":3}},"line":19},"5":{"name":"(anonymous_5)","decl":{"start":{"line":25,"column":17},"end":{"line":25,"column":18}},"loc":{"start":{"line":25,"column":23},"end":{"line":25,"column":41}},"line":25},"6":{"name":"(anonymous_6)","decl":{"start":{"line":31,"column":23},"end":{"line":31,"column":24}},"loc":{"start":{"line":31,"column":31},"end":{"line":42,"column":1}},"line":31},"7":{"name":"(anonymous_7)","decl":{"start":{"line":33,"column":9},"end":{"line":33,"column":10}},"loc":{"start":{"line":33,"column":22},"end":{"line":41,"column":3}},"line":33},"8":{"name":"(anonymous_8)","decl":{"start":{"line":45,"column":44},"end":{"line":45,"column":45}},"loc":{"start":{"line":45,"column":50},"end":{"line":49,"column":1}},"line":45},"9":{"name":"(anonymous_9)","decl":{"start":{"line":52,"column":40},"end":{"line":52,"column":41}},"loc":{"start":{"line":52,"column":46},"end":{"line":73,"column":1}},"line":52},"10":{"name":"(anonymous_10)","decl":{"start":{"line":76,"column":45},"end":{"line":76,"column":46}},"loc":{"start":{"line":76,"column":51},"end":{"line":103,"column":1}},"line":76},"11":{"name":"(anonymous_11)","decl":{"start":{"line":106,"column":32},"end":{"line":106,"column":33}},"loc":{"start":{"line":106,"column":38},"end":{"line":113,"column":1}},"line":106},"12":{"name":"(anonymous_12)","decl":{"start":{"line":116,"column":35},"end":{"line":116,"column":36}},"loc":{"start":{"line":116,"column":41},"end":{"line":132,"column":1}},"line":116},"13":{"name":"(anonymous_13)","decl":{"start":{"line":121,"column":9},"end":{"line":121,"column":10}},"loc":{"start":{"line":121,"column":25},"end":{"line":127,"column":5}},"line":121},"14":{"name":"(anonymous_14)","decl":{"start":{"line":128,"column":9},"end":{"line":128,"column":10}},"loc":{"start":{"line":128,"column":18},"end":{"line":128,"column":32}},"line":128},"15":{"name":"(anonymous_15)","decl":{"start":{"line":129,"column":11},"end":{"line":129,"column":12}},"loc":{"start":{"line":129,"column":17},"end":{"line":129,"column":30}},"line":129},"16":{"name":"(anonymous_16)","decl":{"start":{"line":130,"column":10},"end":{"line":130,"column":11}},"loc":{"start":{"line":130,"column":16},"end":{"line":130,"column":26}},"line":130}},"branchMap":{"0":{"loc":{"start":{"line":22,"column":4},"end":{"line":26,"column":5}},"type":"if","locations":[{"start":{"line":22,"column":4},"end":{"line":26,"column":5}},{"start":{},"end":{}}],"line":22},"1":{"loc":{"start":{"line":35,"column":4},"end":{"line":37,"column":5}},"type":"if","locations":[{"start":{"line":35,"column":4},"end":{"line":37,"column":5}},{"start":{},"end":{}}],"line":35},"2":{"loc":{"start":{"line":47,"column":13},"end":{"line":47,"column":82}},"type":"binary-expr","locations":[{"start":{"line":47,"column":13},"end":{"line":47,"column":39}},{"start":{"line":47,"column":43},"end":{"line":47,"column":82}}],"line":47},"3":{"loc":{"start":{"line":54,"column":13},"end":{"line":54,"column":82}},"type":"binary-expr","locations":[{"start":{"line":54,"column":13},"end":{"line":54,"column":39}},{"start":{"line":54,"column":43},"end":{"line":54,"column":82}}],"line":54},"4":{"loc":{"start":{"line":56,"column":2},"end":{"line":56,"column":24}},"type":"if","locations":[{"start":{"line":56,"column":2},"end":{"line":56,"column":24}},{"start":{},"end":{}}],"line":56},"5":{"loc":{"start":{"line":59,"column":2},"end":{"line":65,"column":3}},"type":"if","locations":[{"start":{"line":59,"column":2},"end":{"line":65,"column":3}},{"start":{},"end":{}}],"line":59},"6":{"loc":{"start":{"line":62,"column":4},"end":{"line":64,"column":5}},"type":"if","locations":[{"start":{"line":62,"column":4},"end":{"line":64,"column":5}},{"start":{},"end":{}}],"line":62},"7":{"loc":{"start":{"line":62,"column":8},"end":{"line":62,"column":98}},"type":"binary-expr","locations":[{"start":{"line":62,"column":8},"end":{"line":62,"column":35}},{"start":{"line":62,"column":39},"end":{"line":62,"column":63}},{"start":{"line":62,"column":67},"end":{"line":62,"column":98}}],"line":62},"8":{"loc":{"start":{"line":68,"column":2},"end":{"line":70,"column":3}},"type":"if","locations":[{"start":{"line":68,"column":2},"end":{"line":70,"column":3}},{"start":{},"end":{}}],"line":68},"9":{"loc":{"start":{"line":68,"column":6},"end":{"line":68,"column":59}},"type":"binary-expr","locations":[{"start":{"line":68,"column":6},"end":{"line":68,"column":28}},{"start":{"line":68,"column":32},"end":{"line":68,"column":59}}],"line":68},"10":{"loc":{"start":{"line":79,"column":2},"end":{"line":102,"column":3}},"type":"switch","locations":[{"start":{"line":80,"column":4},"end":{"line":86,"column":8}},{"start":{"line":87,"column":4},"end":{"line":93,"column":8}},{"start":{"line":94,"column":4},"end":{"line":94,"column":15}},{"start":{"line":95,"column":4},"end":{"line":101,"column":8}}],"line":79},"11":{"loc":{"start":{"line":108,"column":2},"end":{"line":112,"column":3}},"type":"if","locations":[{"start":{"line":108,"column":2},"end":{"line":112,"column":3}},{"start":{},"end":{}}],"line":108},"12":{"loc":{"start":{"line":108,"column":6},"end":{"line":108,"column":58}},"type":"binary-expr","locations":[{"start":{"line":108,"column":6},"end":{"line":108,"column":35}},{"start":{"line":108,"column":39},"end":{"line":108,"column":58}}],"line":108},"13":{"loc":{"start":{"line":109,"column":30},"end":{"line":109,"column":78}},"type":"binary-expr","locations":[{"start":{"line":109,"column":30},"end":{"line":109,"column":49}},{"start":{"line":109,"column":53},"end":{"line":109,"column":78}}],"line":109},"14":{"loc":{"start":{"line":122,"column":6},"end":{"line":125,"column":7}},"type":"if","locations":[{"start":{"line":122,"column":6},"end":{"line":125,"column":7}},{"start":{},"end":{}}],"line":122}},"s":{"0":1,"1":1,"2":3,"3":1,"4":1,"5":3,"6":3,"7":1,"8":1,"9":4,"10":4,"11":4,"12":2,"13":2,"14":2,"15":1,"16":1,"17":1,"18":1,"19":3,"20":3,"21":1,"22":2,"23":2,"24":2,"25":1,"26":0,"27":0,"28":0,"29":1,"30":2,"31":2,"32":2,"33":2,"34":0,"35":0,"36":0,"37":0,"38":0,"39":0,"40":0,"41":0,"42":1,"43":1,"44":1,"45":0,"46":0,"47":1,"48":1,"49":0,"50":0,"51":0,"52":1,"53":0,"54":0,"55":0,"56":0,"57":0,"58":0,"59":0,"60":0,"61":0,"62":0},"f":{"0":1,"1":3,"2":1,"3":1,"4":4,"5":1,"6":1,"7":3,"8":0,"9":2,"10":1,"11":0,"12":0,"13":0,"14":0,"15":0,"16":0},"b":{"0":[2,2],"1":[1,2],"2":[0,0],"3":[2,2],"4":[2,0],"5":[0,0],"6":[0,0],"7":[0,0,0],"8":[0,0],"9":[0,0],"10":[0,0,1,1],"11":[0,0],"12":[0,0],"13":[0,0],"14":[0,0]},"_coverageSchema":"1a1c01bbd47fc00a2c39e90264f33305004495a9","hash":"f21849cc99499b6062b8c0c6aa57815e06b7afa0"}
}
