TN:
SF:src\App.js
FN:7,(anonymous_0)
FN:48,(anonymous_1)
FN:90,(anonymous_2)
FN:93,(anonymous_3)
FN:109,(anonymous_4)
FN:119,(anonymous_5)
FN:152,(anonymous_6)
FN:157,(anonymous_7)
FN:161,(anonymous_8)
FN:178,(anonymous_9)
FN:182,(anonymous_10)
FN:191,(anonymous_11)
FN:197,(anonymous_12)
FN:198,(anonymous_13)
FN:199,(anonymous_14)
FN:227,(anonymous_15)
FN:229,(anonymous_16)
FN:230,(anonymous_17)
FN:232,(anonymous_18)
FN:246,(anonymous_19)
FN:251,(anonymous_20)
FN:264,(anonymous_21)
FN:269,(anonymous_22)
FN:270,(anonymous_23)
FN:271,(anonymous_24)
FN:290,(anonymous_25)
FN:296,(anonymous_26)
FN:301,(anonymous_27)
FN:304,(anonymous_28)
FN:310,(anonymous_29)
FN:316,(anonymous_30)
FN:322,(anonymous_31)
FN:339,(anonymous_32)
FN:370,(anonymous_33)
FN:371,(anonymous_34)
FN:386,(anonymous_35)
FN:396,(anonymous_36)
FN:399,(anonymous_37)
FN:427,(anonymous_38)
FN:434,(anonymous_39)
FN:442,(anonymous_40)
FN:445,(anonymous_41)
FN:448,(anonymous_42)
FN:455,(anonymous_43)
FN:456,(anonymous_44)
FN:478,(anonymous_45)
FN:505,(anonymous_46)
FN:506,(anonymous_47)
FN:514,(anonymous_48)
FN:514,(anonymous_49)
FN:517,(anonymous_50)
FN:521,(anonymous_51)
FN:536,(anonymous_52)
FN:536,(anonymous_53)
FN:539,(anonymous_54)
FN:545,(anonymous_55)
FN:550,(anonymous_56)
FN:557,(anonymous_57)
FN:565,(anonymous_58)
FN:566,(anonymous_59)
FN:572,(anonymous_60)
FN:596,(anonymous_61)
FN:603,(anonymous_62)
FN:612,(anonymous_63)
FN:613,(anonymous_64)
FN:615,(anonymous_65)
FN:619,(anonymous_66)
FN:631,(anonymous_67)
FN:644,(anonymous_68)
FN:727,(anonymous_69)
FN:752,(anonymous_70)
FN:759,(anonymous_71)
FN:780,(anonymous_72)
FN:797,(anonymous_73)
FN:835,(anonymous_74)
FN:844,(anonymous_75)
FN:853,(anonymous_76)
FN:863,(anonymous_77)
FN:882,(anonymous_78)
FN:904,(anonymous_79)
FN:910,(anonymous_80)
FN:952,(anonymous_81)
FN:971,(anonymous_82)
FN:980,(anonymous_83)
FN:1008,(anonymous_84)
FN:1034,(anonymous_85)
FN:1043,(anonymous_86)
FN:1052,(anonymous_87)
FN:1054,(anonymous_88)
FN:1056,(anonymous_89)
FN:1060,(anonymous_90)
FN:1064,(anonymous_91)
FN:1067,(anonymous_92)
FN:1100,(anonymous_93)
FN:1129,(anonymous_94)
FN:1170,(anonymous_95)
FN:1225,(anonymous_96)
FN:1245,(anonymous_97)
FN:1258,(anonymous_98)
FN:1310,(anonymous_99)
FN:1320,(anonymous_100)
FN:1333,(anonymous_101)
FN:1375,(anonymous_102)
FN:1476,(anonymous_103)
FN:1480,(anonymous_104)
FN:1489,(anonymous_105)
FN:1501,(anonymous_106)
FN:1502,(anonymous_107)
FN:1503,(anonymous_108)
FN:1523,(anonymous_109)
FN:1535,(anonymous_110)
FN:1536,(anonymous_111)
FN:1537,(anonymous_112)
FNF:113
FNH:40
FNDA:107,(anonymous_0)
FNDA:20,(anonymous_1)
FNDA:20,(anonymous_2)
FNDA:20,(anonymous_3)
FNDA:20,(anonymous_4)
FNDA:20,(anonymous_5)
FNDA:20,(anonymous_6)
FNDA:20,(anonymous_7)
FNDA:66,(anonymous_8)
FNDA:20,(anonymous_9)
FNDA:40,(anonymous_10)
FNDA:8,(anonymous_11)
FNDA:24,(anonymous_12)
FNDA:24,(anonymous_13)
FNDA:24,(anonymous_14)
FNDA:28,(anonymous_15)
FNDA:378,(anonymous_16)
FNDA:11,(anonymous_17)
FNDA:33,(anonymous_18)
FNDA:8,(anonymous_19)
FNDA:28,(anonymous_20)
FNDA:0,(anonymous_21)
FNDA:0,(anonymous_22)
FNDA:0,(anonymous_23)
FNDA:0,(anonymous_24)
FNDA:0,(anonymous_25)
FNDA:0,(anonymous_26)
FNDA:0,(anonymous_27)
FNDA:0,(anonymous_28)
FNDA:0,(anonymous_29)
FNDA:0,(anonymous_30)
FNDA:0,(anonymous_31)
FNDA:0,(anonymous_32)
FNDA:0,(anonymous_33)
FNDA:0,(anonymous_34)
FNDA:0,(anonymous_35)
FNDA:0,(anonymous_36)
FNDA:0,(anonymous_37)
FNDA:0,(anonymous_38)
FNDA:20,(anonymous_39)
FNDA:20,(anonymous_40)
FNDA:0,(anonymous_41)
FNDA:0,(anonymous_42)
FNDA:20,(anonymous_43)
FNDA:20,(anonymous_44)
FNDA:756,(anonymous_45)
FNDA:1,(anonymous_46)
FNDA:1,(anonymous_47)
FNDA:23,(anonymous_48)
FNDA:23,(anonymous_49)
FNDA:23,(anonymous_50)
FNDA:0,(anonymous_51)
FNDA:23,(anonymous_52)
FNDA:0,(anonymous_53)
FNDA:0,(anonymous_54)
FNDA:29,(anonymous_55)
FNDA:29,(anonymous_56)
FNDA:0,(anonymous_57)
FNDA:0,(anonymous_58)
FNDA:0,(anonymous_59)
FNDA:0,(anonymous_60)
FNDA:0,(anonymous_61)
FNDA:0,(anonymous_62)
FNDA:0,(anonymous_63)
FNDA:0,(anonymous_64)
FNDA:0,(anonymous_65)
FNDA:0,(anonymous_66)
FNDA:0,(anonymous_67)
FNDA:0,(anonymous_68)
FNDA:0,(anonymous_69)
FNDA:0,(anonymous_70)
FNDA:0,(anonymous_71)
FNDA:0,(anonymous_72)
FNDA:0,(anonymous_73)
FNDA:0,(anonymous_74)
FNDA:0,(anonymous_75)
FNDA:0,(anonymous_76)
FNDA:0,(anonymous_77)
FNDA:0,(anonymous_78)
FNDA:0,(anonymous_79)
FNDA:0,(anonymous_80)
FNDA:0,(anonymous_81)
FNDA:0,(anonymous_82)
FNDA:0,(anonymous_83)
FNDA:0,(anonymous_84)
FNDA:0,(anonymous_85)
FNDA:0,(anonymous_86)
FNDA:0,(anonymous_87)
FNDA:0,(anonymous_88)
FNDA:0,(anonymous_89)
FNDA:0,(anonymous_90)
FNDA:0,(anonymous_91)
FNDA:0,(anonymous_92)
FNDA:0,(anonymous_93)
FNDA:0,(anonymous_94)
FNDA:984,(anonymous_95)
FNDA:205,(anonymous_96)
FNDA:8,(anonymous_97)
FNDA:0,(anonymous_98)
FNDA:0,(anonymous_99)
FNDA:0,(anonymous_100)
FNDA:0,(anonymous_101)
FNDA:0,(anonymous_102)
FNDA:124,(anonymous_103)
FNDA:992,(anonymous_104)
FNDA:23,(anonymous_105)
FNDA:0,(anonymous_106)
FNDA:0,(anonymous_107)
FNDA:0,(anonymous_108)
FNDA:0,(anonymous_109)
FNDA:0,(anonymous_110)
FNDA:0,(anonymous_111)
FNDA:0,(anonymous_112)
DA:7,4
DA:8,107
DA:9,92
DA:10,92
DA:11,92
DA:13,92
DA:14,92
DA:15,92
DA:16,92
DA:17,92
DA:18,92
DA:19,92
DA:20,92
DA:21,92
DA:22,92
DA:23,92
DA:26,92
DA:27,92
DA:28,92
DA:29,92
DA:34,92
DA:35,92
DA:36,92
DA:39,92
DA:40,92
DA:41,92
DA:42,92
DA:43,92
DA:44,92
DA:45,92
DA:48,92
DA:49,20
DA:51,20
DA:52,160
DA:61,20
DA:62,120
DA:71,20
DA:72,200
DA:80,20
DA:83,92
DA:84,92
DA:85,92
DA:86,92
DA:87,92
DA:90,92
DA:93,92
DA:109,92
DA:119,92
DA:152,92
DA:153,20
DA:157,92
DA:159,20
DA:161,20
DA:162,66
DA:163,66
DA:164,66
DA:166,0
DA:167,0
DA:168,0
DA:169,0
DA:170,0
DA:172,0
DA:176,20
DA:177,20
DA:178,20
DA:182,92
DA:183,40
DA:184,20
DA:185,20
DA:191,92
DA:192,8
DA:193,8
DA:196,8
DA:197,8
DA:198,24
DA:199,24
DA:200,24
DA:201,24
DA:203,24
DA:204,24
DA:206,24
DA:207,24
DA:209,24
DA:210,24
DA:211,24
DA:212,0
DA:214,0
DA:215,0
DA:221,8
DA:222,8
DA:223,8
DA:227,92
DA:228,28
DA:229,8
DA:230,378
DA:231,11
DA:232,11
DA:233,33
DA:234,0
DA:235,0
DA:236,0
DA:237,0
DA:238,0
DA:243,11
DA:246,8
DA:251,92
DA:252,28
DA:253,3
DA:254,3
DA:256,3
DA:264,3
DA:269,92
DA:270,0
DA:271,0
DA:272,0
DA:275,0
DA:276,0
DA:277,0
DA:278,0
DA:279,0
DA:287,0
DA:290,0
DA:291,0
DA:292,0
DA:296,0
DA:299,0
DA:301,0
DA:302,0
DA:304,0
DA:308,0
DA:310,0
DA:314,0
DA:316,0
DA:320,0
DA:322,0
DA:326,0
DA:328,0
DA:332,0
DA:333,0
DA:335,0
DA:339,92
DA:340,0
DA:341,0
DA:344,0
DA:345,0
DA:346,0
DA:348,0
DA:349,0
DA:351,0
DA:352,0
DA:354,0
DA:357,0
DA:358,0
DA:359,0
DA:360,0
DA:361,0
DA:363,0
DA:364,0
DA:367,0
DA:370,0
DA:371,0
DA:375,0
DA:376,0
DA:377,0
DA:378,0
DA:386,92
DA:387,0
DA:388,0
DA:392,0
DA:393,0
DA:396,0
DA:397,0
DA:399,0
DA:400,0
DA:403,0
DA:404,0
DA:405,0
DA:406,0
DA:408,0
DA:409,0
DA:411,0
DA:412,0
DA:414,0
DA:417,0
DA:418,0
DA:419,0
DA:420,0
DA:421,0
DA:423,0
DA:424,0
DA:427,0
DA:430,0
DA:434,92
DA:435,20
DA:436,0
DA:437,0
DA:442,92
DA:443,20
DA:445,0
DA:446,0
DA:448,0
DA:449,20
DA:450,20
DA:455,92
DA:456,20
DA:457,20
DA:458,20
DA:459,20
DA:460,19
DA:461,19
DA:462,19
DA:463,19
DA:465,1
DA:467,1
DA:468,1
DA:470,20
DA:474,20
DA:478,92
DA:479,756
DA:481,756
DA:484,756
DA:485,756
DA:489,756
DA:491,756
DA:492,28
DA:493,28
DA:505,28
DA:506,28
DA:507,28
DA:510,28
DA:514,756
DA:519,23
DA:520,0
DA:521,0
DA:522,0
DA:523,0
DA:524,0
DA:526,0
DA:528,0
DA:530,0
DA:532,23
DA:536,756
DA:539,0
DA:545,92
DA:546,29
DA:547,9
DA:550,29
DA:551,29
DA:552,9
DA:557,92
DA:559,0
DA:560,0
DA:562,0
DA:565,0
DA:566,0
DA:567,0
DA:569,0
DA:572,0
DA:573,0
DA:574,0
DA:576,0
DA:581,0
DA:582,0
DA:583,0
DA:584,0
DA:585,0
DA:593,0
DA:596,0
DA:597,0
DA:598,0
DA:603,0
DA:607,0
DA:608,0
DA:609,0
DA:610,0
DA:612,0
DA:613,0
DA:614,0
DA:615,0
DA:616,0
DA:619,0
DA:620,0
DA:623,0
DA:624,0
DA:626,0
DA:627,0
DA:628,0
DA:631,0
DA:632,0
DA:633,0
DA:634,0
DA:635,0
DA:640,0
DA:644,92
DA:645,0
DA:646,0
DA:647,0
DA:648,0
DA:649,0
DA:650,0
DA:651,0
DA:652,0
DA:653,0
DA:654,0
DA:655,0
DA:656,0
DA:657,0
DA:658,0
DA:659,0
DA:664,0
DA:665,0
DA:666,0
DA:669,0
DA:670,0
DA:674,0
DA:675,0
DA:678,92
DA:679,20
DA:710,72
DA:711,0
DA:728,0
DA:753,0
DA:760,0
DA:781,0
DA:798,0
DA:799,0
DA:836,0
DA:837,0
DA:845,0
DA:846,0
DA:853,0
DA:864,0
DA:865,0
DA:866,0
DA:869,0
DA:870,0
DA:871,0
DA:873,0
DA:878,0
DA:879,0
DA:882,0
DA:883,0
DA:904,0
DA:910,0
DA:952,0
DA:973,0
DA:974,0
DA:976,0
DA:980,0
DA:1008,0
DA:1036,0
DA:1037,0
DA:1039,0
DA:1043,0
DA:1053,0
DA:1054,0
DA:1057,0
DA:1058,0
DA:1061,0
DA:1062,0
DA:1065,0
DA:1068,0
DA:1100,0
DA:1129,0
DA:1156,72
DA:1157,41
DA:1171,984
DA:1226,205
DA:1246,8
DA:1247,8
DA:1248,8
DA:1249,8
DA:1259,0
DA:1260,0
DA:1261,0
DA:1285,31
DA:1286,0
DA:1311,0
DA:1312,0
DA:1321,0
DA:1322,0
DA:1323,0
DA:1324,0
DA:1325,0
DA:1334,0
DA:1335,0
DA:1336,0
DA:1348,31
DA:1349,0
DA:1377,0
DA:1378,0
DA:1380,0
DA:1382,0
DA:1384,0
DA:1385,0
DA:1387,0
DA:1407,31
DA:1477,124
DA:1481,992
DA:1490,23
DA:1501,0
DA:1502,0
DA:1504,0
DA:1505,0
DA:1524,0
DA:1535,0
DA:1536,0
DA:1538,0
DA:1539,0
LF:409
LH:162
BRDA:163,0,0,66
BRDA:163,0,1,0
BRDA:183,1,0,20
BRDA:183,1,1,20
BRDA:192,2,0,8
BRDA:192,2,1,0
BRDA:193,3,0,8
BRDA:193,3,1,0
BRDA:197,4,0,0
BRDA:228,5,0,8
BRDA:228,5,1,20
BRDA:228,6,0,28
BRDA:228,6,1,8
BRDA:228,6,2,8
BRDA:233,7,0,0
BRDA:233,7,1,33
BRDA:233,8,0,33
BRDA:233,8,1,0
BRDA:235,9,0,0
BRDA:235,9,1,0
BRDA:237,10,0,0
BRDA:237,10,1,0
BRDA:252,11,0,3
BRDA:252,11,1,25
BRDA:272,12,0,0
BRDA:272,12,1,0
BRDA:291,13,0,0
BRDA:291,13,1,0
BRDA:299,14,0,0
BRDA:299,14,1,0
BRDA:299,14,2,0
BRDA:299,14,3,0
BRDA:299,14,4,0
BRDA:299,14,5,0
BRDA:340,15,0,0
BRDA:340,15,1,0
BRDA:341,16,0,0
BRDA:341,16,1,0
BRDA:375,17,0,0
BRDA:375,17,1,0
BRDA:387,18,0,0
BRDA:387,18,1,0
BRDA:388,19,0,0
BRDA:388,19,1,0
BRDA:392,20,0,0
BRDA:392,20,1,0
BRDA:396,21,0,0
BRDA:397,22,0,0
BRDA:397,22,1,0
BRDA:418,23,0,0
BRDA:418,23,1,0
BRDA:419,24,0,0
BRDA:419,24,1,0
BRDA:420,25,0,0
BRDA:420,25,1,0
BRDA:435,26,0,0
BRDA:435,26,1,20
BRDA:443,27,0,0
BRDA:443,27,1,20
BRDA:443,28,0,20
BRDA:443,28,1,0
BRDA:449,29,0,20
BRDA:449,29,1,0
BRDA:479,30,0,0
BRDA:479,30,1,756
BRDA:479,31,0,756
BRDA:479,31,1,756
BRDA:479,31,2,756
BRDA:484,32,0,0
BRDA:484,32,1,756
BRDA:489,33,0,0
BRDA:489,33,1,756
BRDA:491,34,0,28
BRDA:491,34,1,728
BRDA:491,35,0,756
BRDA:491,35,1,28
BRDA:492,36,0,0
BRDA:492,36,1,28
BRDA:498,37,0,0
BRDA:498,37,1,28
BRDA:519,38,0,0
BRDA:519,38,1,23
BRDA:520,39,0,0
BRDA:520,39,1,0
BRDA:523,40,0,0
BRDA:523,40,1,0
BRDA:546,41,0,9
BRDA:546,41,1,20
BRDA:546,42,0,29
BRDA:546,42,1,9
BRDA:546,42,2,9
BRDA:551,43,0,9
BRDA:551,43,1,20
BRDA:567,44,0,0
BRDA:567,44,1,0
BRDA:597,45,0,0
BRDA:597,45,1,0
BRDA:608,46,0,0
BRDA:608,46,1,0
BRDA:623,47,0,0
BRDA:623,47,1,0
BRDA:624,48,0,0
BRDA:624,48,1,0
BRDA:669,49,0,0
BRDA:669,49,1,0
BRDA:678,50,0,20
BRDA:678,50,1,72
BRDA:710,51,0,0
BRDA:710,51,1,72
BRDA:788,52,0,0
BRDA:788,52,1,0
BRDA:869,53,0,0
BRDA:869,53,1,0
BRDA:869,54,0,0
BRDA:869,54,1,0
BRDA:869,54,2,0
BRDA:878,55,0,0
BRDA:878,55,1,0
BRDA:888,56,0,0
BRDA:888,56,1,0
BRDA:890,57,0,0
BRDA:890,57,1,0
BRDA:903,58,0,0
BRDA:903,58,1,0
BRDA:948,59,0,0
BRDA:948,59,1,0
BRDA:984,60,0,0
BRDA:984,60,1,0
BRDA:990,61,0,0
BRDA:990,61,1,0
BRDA:1004,62,0,0
BRDA:1004,62,1,0
BRDA:1028,63,0,0
BRDA:1028,63,1,0
BRDA:1074,64,0,0
BRDA:1074,64,1,0
BRDA:1095,65,0,0
BRDA:1095,65,1,0
BRDA:1117,66,0,0
BRDA:1117,66,1,0
BRDA:1124,67,0,0
BRDA:1124,67,1,0
BRDA:1147,68,0,0
BRDA:1147,68,1,0
BRDA:1156,69,0,41
BRDA:1156,69,1,31
BRDA:1181,70,0,984
BRDA:1181,70,1,328
BRDA:1191,71,0,984
BRDA:1191,71,1,246
BRDA:1201,72,0,984
BRDA:1201,72,1,410
BRDA:1247,73,0,8
BRDA:1247,73,1,0
BRDA:1259,74,0,0
BRDA:1259,74,1,0
BRDA:1285,75,0,0
BRDA:1285,75,1,31
BRDA:1285,76,0,31
BRDA:1285,76,1,0
BRDA:1348,77,0,0
BRDA:1348,77,1,31
BRDA:1373,78,0,0
BRDA:1373,78,1,0
BRDA:1384,79,0,0
BRDA:1384,79,1,0
BRDA:1430,80,0,0
BRDA:1430,80,1,31
BRDA:1432,81,0,31
BRDA:1432,81,1,0
BRDA:1444,82,0,0
BRDA:1444,82,1,31
BRDA:1453,83,0,31
BRDA:1453,83,1,31
BRDA:1453,83,2,31
BRDA:1453,83,3,0
BRDA:1455,84,0,0
BRDA:1455,84,1,0
BRDA:1460,85,0,0
BRDA:1460,85,1,0
BRDA:1465,86,0,0
BRDA:1465,86,1,0
BRDA:1474,87,0,0
BRDA:1474,87,1,31
BRDA:1474,88,0,0
BRDA:1474,88,1,31
BRDA:1565,89,0,31
BRDA:1565,89,1,0
BRF:188
BRH:62
end_of_record
TN:
SF:src\App.optimized.js
FN:13,(anonymous_0)
FN:29,(anonymous_1)
FN:43,(anonymous_2)
FN:44,(anonymous_3)
FN:61,(anonymous_4)
FN:65,(anonymous_5)
FN:73,(anonymous_6)
FN:74,(anonymous_7)
FN:75,(anonymous_8)
FN:78,(anonymous_9)
FN:82,(anonymous_10)
FN:83,(anonymous_11)
FN:93,(anonymous_12)
FN:115,(anonymous_13)
FN:123,(anonymous_14)
FN:124,(anonymous_15)
FN:130,(anonymous_16)
FN:139,(anonymous_17)
FN:149,(anonymous_18)
FN:150,(anonymous_19)
FN:152,(anonymous_20)
FN:156,(anonymous_21)
FN:168,(anonymous_22)
FN:180,(anonymous_23)
FN:190,(anonymous_24)
FN:199,(anonymous_25)
FN:207,(anonymous_26)
FN:257,(anonymous_27)
FN:270,(anonymous_28)
FN:339,(anonymous_29)
FN:343,(anonymous_30)
FNF:31
FNH:0
FNDA:0,(anonymous_0)
FNDA:0,(anonymous_1)
FNDA:0,(anonymous_2)
FNDA:0,(anonymous_3)
FNDA:0,(anonymous_4)
FNDA:0,(anonymous_5)
FNDA:0,(anonymous_6)
FNDA:0,(anonymous_7)
FNDA:0,(anonymous_8)
FNDA:0,(anonymous_9)
FNDA:0,(anonymous_10)
FNDA:0,(anonymous_11)
FNDA:0,(anonymous_12)
FNDA:0,(anonymous_13)
FNDA:0,(anonymous_14)
FNDA:0,(anonymous_15)
FNDA:0,(anonymous_16)
FNDA:0,(anonymous_17)
FNDA:0,(anonymous_18)
FNDA:0,(anonymous_19)
FNDA:0,(anonymous_20)
FNDA:0,(anonymous_21)
FNDA:0,(anonymous_22)
FNDA:0,(anonymous_23)
FNDA:0,(anonymous_24)
FNDA:0,(anonymous_25)
FNDA:0,(anonymous_26)
FNDA:0,(anonymous_27)
FNDA:0,(anonymous_28)
FNDA:0,(anonymous_29)
FNDA:0,(anonymous_30)
DA:13,0
DA:14,0
DA:29,0
DA:31,0
DA:32,0
DA:33,0
DA:36,0
DA:37,0
DA:38,0
DA:39,0
DA:40,0
DA:43,0
DA:44,0
DA:45,0
DA:46,0
DA:47,0
DA:49,0
DA:50,0
DA:51,0
DA:52,0
DA:53,0
DA:55,0
DA:59,0
DA:60,0
DA:61,0
DA:65,0
DA:66,0
DA:67,0
DA:68,0
DA:73,0
DA:74,0
DA:75,0
DA:78,0
DA:79,0
DA:82,0
DA:83,0
DA:84,0
DA:85,0
DA:86,0
DA:88,0
DA:90,0
DA:93,0
DA:98,0
DA:115,0
DA:117,0
DA:118,0
DA:120,0
DA:123,0
DA:124,0
DA:125,0
DA:127,0
DA:130,0
DA:131,0
DA:132,0
DA:134,0
DA:139,0
DA:143,0
DA:144,0
DA:146,0
DA:147,0
DA:149,0
DA:150,0
DA:151,0
DA:152,0
DA:153,0
DA:156,0
DA:157,0
DA:160,0
DA:161,0
DA:163,0
DA:164,0
DA:165,0
DA:168,0
DA:169,0
DA:170,0
DA:175,0
DA:180,0
DA:181,0
DA:190,0
DA:191,0
DA:192,0
DA:193,0
DA:194,0
DA:199,0
DA:200,0
DA:201,0
DA:202,0
DA:207,0
DA:208,0
DA:209,0
DA:210,0
DA:211,0
DA:212,0
DA:215,0
DA:216,0
DA:220,0
DA:221,0
DA:224,0
DA:226,0
DA:242,0
DA:244,0
DA:258,0
DA:259,0
DA:260,0
DA:261,0
DA:262,0
DA:271,0
DA:272,0
DA:273,0
DA:292,0
DA:293,0
DA:315,0
DA:316,0
DA:324,0
DA:339,0
DA:340,0
DA:344,0
LF:117
LH:0
BRDA:46,0,0,0
BRDA:46,0,1,0
BRDA:66,1,0,0
BRDA:66,1,1,0
BRDA:85,2,0,0
BRDA:85,2,1,0
BRDA:125,3,0,0
BRDA:125,3,1,0
BRDA:144,4,0,0
BRDA:144,4,1,0
BRDA:160,5,0,0
BRDA:160,5,1,0
BRDA:161,6,0,0
BRDA:161,6,1,0
BRDA:192,7,0,0
BRDA:192,7,1,0
BRDA:200,8,0,0
BRDA:200,8,1,0
BRDA:220,9,0,0
BRDA:220,9,1,0
BRDA:224,10,0,0
BRDA:224,10,1,0
BRDA:242,11,0,0
BRDA:242,11,1,0
BRDA:242,12,0,0
BRDA:242,12,1,0
BRDA:292,13,0,0
BRDA:292,13,1,0
BRDA:315,14,0,0
BRDA:315,14,1,0
BRF:30
BRH:0
end_of_record
TN:
SF:src\components\AccessibleGameTile.js
FN:3,(anonymous_0)
FN:10,(anonymous_1)
FNF:2
FNH:0
FNDA:0,(anonymous_0)
FNDA:0,(anonymous_1)
DA:3,0
DA:10,0
DA:11,0
DA:12,0
DA:13,0
DA:15,0
DA:18,0
DA:52,0
LF:8
LH:0
BRDA:7,0,0,0
BRDA:11,1,0,0
BRDA:11,1,1,0
BRDA:11,2,0,0
BRDA:11,2,1,0
BRDA:22,3,0,0
BRDA:22,3,1,0
BRF:7
BRH:0
end_of_record
TN:
SF:src\components\AccessiblePowerUp.js
FN:3,(anonymous_0)
FN:12,(anonymous_1)
FNF:2
FNH:0
FNDA:0,(anonymous_0)
FNDA:0,(anonymous_1)
DA:3,0
DA:10,0
DA:12,0
DA:13,0
DA:14,0
DA:15,0
DA:17,0
DA:20,0
DA:50,0
LF:9
LH:0
BRDA:13,0,0,0
BRDA:13,0,1,0
BRDA:13,1,0,0
BRDA:13,1,1,0
BRF:4
BRH:0
end_of_record
TN:
SF:src\components\CelebrationScreen.js
FN:8,(anonymous_0)
FN:12,(anonymous_1)
FN:17,(anonymous_2)
FN:22,(anonymous_3)
FN:72,(anonymous_4)
FN:88,(anonymous_5)
FN:125,(anonymous_6)
FN:151,(anonymous_7)
FN:168,(anonymous_8)
FN:202,(anonymous_9)
FN:210,(anonymous_10)
FN:215,(anonymous_11)
FN:220,(anonymous_12)
FN:226,(anonymous_13)
FN:234,(anonymous_14)
FN:235,(anonymous_15)
FN:235,(anonymous_16)
FN:250,(anonymous_17)
FN:298,(anonymous_18)
FN:315,(anonymous_19)
FN:332,(anonymous_20)
FN:356,(anonymous_21)
FN:361,(anonymous_22)
FN:377,(anonymous_23)
FN:389,(anonymous_24)
FNF:25
FNH:0
FNDA:0,(anonymous_0)
FNDA:0,(anonymous_1)
FNDA:0,(anonymous_2)
FNDA:0,(anonymous_3)
FNDA:0,(anonymous_4)
FNDA:0,(anonymous_5)
FNDA:0,(anonymous_6)
FNDA:0,(anonymous_7)
FNDA:0,(anonymous_8)
FNDA:0,(anonymous_9)
FNDA:0,(anonymous_10)
FNDA:0,(anonymous_11)
FNDA:0,(anonymous_12)
FNDA:0,(anonymous_13)
FNDA:0,(anonymous_14)
FNDA:0,(anonymous_15)
FNDA:0,(anonymous_16)
FNDA:0,(anonymous_17)
FNDA:0,(anonymous_18)
FNDA:0,(anonymous_19)
FNDA:0,(anonymous_20)
FNDA:0,(anonymous_21)
FNDA:0,(anonymous_22)
FNDA:0,(anonymous_23)
FNDA:0,(anonymous_24)
DA:8,0
DA:9,0
DA:10,0
DA:12,0
DA:13,0
DA:14,0
DA:17,0
DA:18,0
DA:19,0
DA:22,0
DA:23,0
DA:24,0
DA:26,0
DA:27,0
DA:28,0
DA:32,0
DA:33,0
DA:60,0
DA:73,0
DA:88,0
DA:126,0
DA:127,0
DA:151,0
DA:152,0
DA:154,0
DA:168,0
DA:202,0
DA:203,0
DA:204,0
DA:205,0
DA:206,0
DA:207,0
DA:208,0
DA:210,0
DA:211,0
DA:212,0
DA:215,0
DA:216,0
DA:217,0
DA:220,0
DA:226,0
DA:228,0
DA:230,0
DA:234,0
DA:235,0
DA:236,0
DA:237,0
DA:241,0
DA:251,0
DA:298,0
DA:315,0
DA:332,0
DA:357,0
DA:358,0
DA:359,0
DA:360,0
DA:361,0
DA:362,0
DA:363,0
DA:366,0
DA:377,0
DA:389,0
LF:62
LH:0
BRDA:27,0,0,0
BRDA:27,0,1,0
BRDA:32,1,0,0
BRDA:32,1,1,0
BRDA:32,2,0,0
BRDA:32,2,1,0
BRDA:37,3,0,0
BRDA:37,3,1,0
BRDA:45,4,0,0
BRDA:45,4,1,0
BRDA:64,5,0,0
BRDA:64,5,1,0
BRDA:90,6,0,0
BRDA:90,6,1,0
BRDA:152,7,0,0
BRDA:152,7,1,0
BRDA:170,8,0,0
BRDA:170,8,1,0
BRDA:236,9,0,0
BRDA:236,9,1,0
BRDA:350,10,0,0
BRDA:350,10,1,0
BRDA:362,11,0,0
BRDA:362,11,1,0
BRDA:386,12,0,0
BRDA:386,12,1,0
BRF:26
BRH:0
end_of_record
TN:
SF:src\components\CelebrationScreen.temp.js
FN:6,(anonymous_0)
FN:10,(anonymous_1)
FN:24,(anonymous_2)
FN:71,(anonymous_3)
FN:88,(anonymous_4)
FN:105,(anonymous_5)
FNF:6
FNH:0
FNDA:0,(anonymous_0)
FNDA:0,(anonymous_1)
FNDA:0,(anonymous_2)
FNDA:0,(anonymous_3)
FNDA:0,(anonymous_4)
FNDA:0,(anonymous_5)
DA:6,0
DA:7,0
DA:8,0
DA:10,0
DA:11,0
DA:12,0
DA:15,0
DA:25,0
DA:71,0
DA:88,0
DA:105,0
LF:11
LH:0
BRF:0
BRH:0
end_of_record
TN:
SF:src\components\ErrorScreen.js
FN:5,(anonymous_0)
FN:6,(anonymous_1)
FN:19,(anonymous_2)
FN:32,(anonymous_3)
FN:105,(anonymous_4)
FN:125,(anonymous_5)
FNF:6
FNH:0
FNDA:0,(anonymous_0)
FNDA:0,(anonymous_1)
FNDA:0,(anonymous_2)
FNDA:0,(anonymous_3)
FNDA:0,(anonymous_4)
FNDA:0,(anonymous_5)
DA:5,0
DA:6,0
DA:7,0
DA:9,0
DA:11,0
DA:13,0
DA:15,0
DA:19,0
DA:20,0
DA:22,0
DA:24,0
DA:26,0
DA:28,0
DA:32,0
DA:33,0
DA:35,0
DA:41,0
DA:47,0
DA:53,0
DA:61,0
DA:106,0
DA:125,0
LF:22
LH:0
BRDA:7,0,0,0
BRDA:7,0,1,0
BRDA:7,0,2,0
BRDA:7,0,3,0
BRDA:20,1,0,0
BRDA:20,1,1,0
BRDA:20,1,2,0
BRDA:20,1,3,0
BRDA:33,2,0,0
BRDA:33,2,1,0
BRDA:33,2,2,0
BRDA:33,2,3,0
BRDA:84,3,0,0
BRDA:84,3,1,0
BRDA:88,4,0,0
BRDA:88,4,1,0
BRDA:88,4,2,0
BRDA:140,5,0,0
BRDA:140,5,1,0
BRF:19
BRH:0
end_of_record
TN:
SF:src\components\FloatingHeartsBackground.js
FN:4,(anonymous_0)
FN:13,(anonymous_1)
FN:14,(anonymous_2)
FN:24,(anonymous_3)
FNF:4
FNH:4
FNDA:103,(anonymous_0)
FNDA:58,(anonymous_1)
FNDA:622,(anonymous_2)
FNDA:1123,(anonymous_3)
DA:4,6
DA:13,103
DA:14,622
DA:22,103
DA:25,1123
LF:5
LH:5
BRDA:5,0,0,1
BRDA:6,1,0,5
BRDA:7,2,0,5
BRDA:8,3,0,5
BRDA:9,4,0,5
BRDA:10,5,0,5
BRF:6
BRH:6
end_of_record
TN:
SF:src\components\GameScreen.js
FN:5,(anonymous_0)
FN:16,(anonymous_1)
FN:17,(anonymous_2)
FN:94,(anonymous_3)
FN:98,(anonymous_4)
FN:107,(anonymous_5)
FN:119,(anonymous_6)
FN:120,(anonymous_7)
FN:121,(anonymous_8)
FN:139,(anonymous_9)
FN:151,(anonymous_10)
FN:152,(anonymous_11)
FN:153,(anonymous_12)
FN:184,(anonymous_13)
FNF:14
FNH:0
FNDA:0,(anonymous_0)
FNDA:0,(anonymous_1)
FNDA:0,(anonymous_2)
FNDA:0,(anonymous_3)
FNDA:0,(anonymous_4)
FNDA:0,(anonymous_5)
FNDA:0,(anonymous_6)
FNDA:0,(anonymous_7)
FNDA:0,(anonymous_8)
FNDA:0,(anonymous_9)
FNDA:0,(anonymous_10)
FNDA:0,(anonymous_11)
FNDA:0,(anonymous_12)
FNDA:0,(anonymous_13)
DA:5,0
DA:16,0
DA:17,0
DA:25,0
DA:95,0
DA:99,0
DA:108,0
DA:119,0
DA:120,0
DA:122,0
DA:123,0
DA:140,0
DA:151,0
DA:152,0
DA:154,0
DA:155,0
LF:16
LH:0
BRDA:48,0,0,0
BRDA:48,0,1,0
BRDA:50,1,0,0
BRDA:50,1,1,0
BRDA:71,2,0,0
BRDA:71,2,1,0
BRDA:71,2,2,0
BRDA:71,2,3,0
BRDA:73,3,0,0
BRDA:73,3,1,0
BRDA:78,4,0,0
BRDA:78,4,1,0
BRDA:83,5,0,0
BRDA:83,5,1,0
BRDA:92,6,0,0
BRDA:92,6,1,0
BRDA:92,7,0,0
BRDA:92,7,1,0
BRDA:179,8,0,0
BRDA:179,8,1,0
BRF:20
BRH:0
end_of_record
TN:
SF:src\components\GestureWrapper.js
FN:4,(anonymous_0)
FN:8,(anonymous_1)
FNF:2
FNH:0
FNDA:0,(anonymous_0)
FNDA:0,(anonymous_1)
DA:4,0
DA:5,0
DA:6,0
DA:8,0
DA:9,0
DA:10,0
DA:14,0
LF:7
LH:0
BRDA:9,0,0,0
BRDA:9,0,1,0
BRF:2
BRH:0
end_of_record
TN:
SF:src\components\LoadingScreen.js
FN:5,(anonymous_0)
FN:19,(anonymous_1)
FNF:2
FNH:0
FNDA:0,(anonymous_0)
FNDA:0,(anonymous_1)
DA:5,0
DA:6,0
DA:20,0
LF:3
LH:0
BRDA:5,0,0,0
BRF:1
BRH:0
end_of_record
TN:
SF:src\components\LockScreen.js
FN:5,(anonymous_0)
FNF:1
FNH:0
FNDA:0,(anonymous_0)
DA:5,0
DA:6,0
LF:2
LH:0
BRF:0
BRH:0
end_of_record
TN:
SF:src\components\MobileOptimizedGameScreen.js
FN:8,(anonymous_0)
FN:31,(anonymous_1)
FN:32,(anonymous_2)
FN:41,(anonymous_3)
FN:49,(anonymous_4)
FN:57,(anonymous_5)
FN:156,(anonymous_6)
FN:160,(anonymous_7)
FN:169,(anonymous_8)
FN:182,(anonymous_9)
FN:194,(anonymous_10)
FN:208,(anonymous_11)
FN:232,(anonymous_12)
FNF:13
FNH:0
FNDA:0,(anonymous_0)
FNDA:0,(anonymous_1)
FNDA:0,(anonymous_2)
FNDA:0,(anonymous_3)
FNDA:0,(anonymous_4)
FNDA:0,(anonymous_5)
FNDA:0,(anonymous_6)
FNDA:0,(anonymous_7)
FNDA:0,(anonymous_8)
FNDA:0,(anonymous_9)
FNDA:0,(anonymous_10)
FNDA:0,(anonymous_11)
FNDA:0,(anonymous_12)
DA:8,0
DA:25,0
DA:27,0
DA:28,0
DA:31,0
DA:32,0
DA:41,0
DA:42,0
DA:43,0
DA:44,0
DA:49,0
DA:50,0
DA:51,0
DA:52,0
DA:57,0
DA:58,0
DA:59,0
DA:60,0
DA:65,0
DA:70,0
DA:80,0
DA:87,0
DA:157,0
DA:161,0
DA:170,0
DA:182,0
DA:195,0
DA:208,0
LF:28
LH:0
BRDA:32,0,0,0
BRDA:32,0,1,0
BRDA:42,1,0,0
BRDA:42,1,1,0
BRDA:42,2,0,0
BRDA:42,2,1,0
BRDA:51,3,0,0
BRDA:51,3,1,0
BRDA:59,4,0,0
BRDA:59,4,1,0
BRDA:67,5,0,0
BRDA:67,5,1,0
BRDA:72,6,0,0
BRDA:72,6,1,0
BRDA:73,7,0,0
BRDA:73,7,1,0
BRDA:82,8,0,0
BRDA:82,8,1,0
BRDA:83,9,0,0
BRDA:83,9,1,0
BRDA:84,10,0,0
BRDA:84,10,1,0
BRDA:102,11,0,0
BRDA:102,11,1,0
BRDA:110,12,0,0
BRDA:110,12,1,0
BRDA:112,13,0,0
BRDA:112,13,1,0
BRDA:123,14,0,0
BRDA:123,14,1,0
BRDA:133,15,0,0
BRDA:133,15,1,0
BRDA:133,15,2,0
BRDA:133,15,3,0
BRDA:134,16,0,0
BRDA:134,16,1,0
BRDA:135,17,0,0
BRDA:135,17,1,0
BRDA:140,18,0,0
BRDA:140,18,1,0
BRDA:145,19,0,0
BRDA:145,19,1,0
BRDA:160,20,0,0
BRDA:160,20,1,0
BRDA:161,21,0,0
BRDA:161,21,1,0
BRDA:177,22,0,0
BRDA:177,22,1,0
BRDA:202,23,0,0
BRDA:202,23,1,0
BRDA:227,24,0,0
BRDA:227,24,1,0
BRDA:246,25,0,0
BRDA:246,25,1,0
BRDA:249,26,0,0
BRDA:249,26,1,0
BRF:56
BRH:0
end_of_record
TN:
SF:src\components\SlideshowMode.js
FN:5,(anonymous_0)
FN:14,(anonymous_1)
FN:24,(anonymous_2)
FN:30,(anonymous_3)
FN:33,(anonymous_4)
FN:35,(anonymous_5)
FN:38,(anonymous_6)
FN:41,(anonymous_7)
FN:48,(anonymous_8)
FN:52,(anonymous_9)
FN:58,(anonymous_10)
FN:67,(anonymous_11)
FN:88,(anonymous_12)
FN:139,(anonymous_13)
FN:147,(anonymous_14)
FN:148,(anonymous_15)
FN:159,(anonymous_16)
FN:161,(anonymous_17)
FN:170,(anonymous_18)
FN:172,(anonymous_19)
FNF:20
FNH:0
FNDA:0,(anonymous_0)
FNDA:0,(anonymous_1)
FNDA:0,(anonymous_2)
FNDA:0,(anonymous_3)
FNDA:0,(anonymous_4)
FNDA:0,(anonymous_5)
FNDA:0,(anonymous_6)
FNDA:0,(anonymous_7)
FNDA:0,(anonymous_8)
FNDA:0,(anonymous_9)
FNDA:0,(anonymous_10)
FNDA:0,(anonymous_11)
FNDA:0,(anonymous_12)
FNDA:0,(anonymous_13)
FNDA:0,(anonymous_14)
FNDA:0,(anonymous_15)
FNDA:0,(anonymous_16)
FNDA:0,(anonymous_17)
FNDA:0,(anonymous_18)
FNDA:0,(anonymous_19)
DA:5,0
DA:6,0
DA:7,0
DA:8,0
DA:9,0
DA:11,0
DA:12,0
DA:14,0
DA:15,0
DA:16,0
DA:17,0
DA:18,0
DA:21,0
DA:22,0
DA:24,0
DA:25,0
DA:26,0
DA:30,0
DA:32,0
DA:33,0
DA:34,0
DA:35,0
DA:38,0
DA:41,0
DA:42,0
DA:44,0
DA:45,0
DA:47,0
DA:48,0
DA:51,0
DA:52,0
DA:57,0
DA:58,0
DA:67,0
DA:74,0
DA:76,0
DA:88,0
DA:139,0
DA:147,0
DA:148,0
DA:160,0
DA:161,0
DA:171,0
DA:172,0
LF:44
LH:0
BRDA:15,0,0,0
BRDA:15,0,1,0
BRDA:17,1,0,0
BRDA:17,1,1,0
BRDA:32,2,0,0
BRDA:32,2,1,0
BRDA:32,3,0,0
BRDA:32,3,1,0
BRDA:32,3,2,0
BRDA:44,4,0,0
BRDA:44,4,1,0
BRDA:44,5,0,0
BRDA:44,5,1,0
BRDA:45,6,0,0
BRDA:45,6,1,0
BRDA:59,7,0,0
BRDA:59,7,1,0
BRDA:69,8,0,0
BRDA:69,8,1,0
BRDA:74,9,0,0
BRDA:74,9,1,0
BRDA:90,10,0,0
BRDA:90,10,1,0
BRDA:134,11,0,0
BRDA:134,11,1,0
BRF:25
BRH:0
end_of_record
TN:
SF:src\components\WelcomeScreen.js
FN:5,(anonymous_0)
FN:7,(anonymous_1)
FN:55,(anonymous_2)
FN:109,(anonymous_3)
FNF:4
FNH:4
FNDA:5,(anonymous_0)
FNDA:5,(anonymous_1)
FNDA:120,(anonymous_2)
FNDA:25,(anonymous_3)
DA:5,1
DA:7,5
DA:8,5
DA:10,5
DA:11,40
DA:20,5
DA:21,30
DA:30,5
DA:31,50
DA:39,5
DA:42,5
DA:56,120
DA:110,25
LF:13
LH:13
BRDA:66,0,0,120
BRDA:66,0,1,40
BRDA:76,1,0,120
BRDA:76,1,1,30
BRDA:86,2,0,120
BRDA:86,2,1,50
BRF:6
BRH:6
end_of_record
TN:
SF:src\constants\gameData.js
FNF:0
FNH:0
DA:2,1
DA:18,1
DA:52,1
DA:55,1
DA:58,1
LF:5
LH:5
BRF:0
BRH:0
end_of_record
TN:
SF:src\hooks\useAccessibility.js
FN:3,(anonymous_0)
FN:8,(anonymous_1)
FN:48,(anonymous_2)
FN:76,(anonymous_3)
FN:78,(anonymous_4)
FN:84,(anonymous_5)
FN:94,(anonymous_6)
FN:100,(anonymous_7)
FN:108,(anonymous_8)
FN:131,(anonymous_9)
FN:137,(anonymous_10)
FN:154,(anonymous_11)
FN:158,(anonymous_12)
FNF:13
FNH:0
FNDA:0,(anonymous_0)
FNDA:0,(anonymous_1)
FNDA:0,(anonymous_2)
FNDA:0,(anonymous_3)
FNDA:0,(anonymous_4)
FNDA:0,(anonymous_5)
FNDA:0,(anonymous_6)
FNDA:0,(anonymous_7)
FNDA:0,(anonymous_8)
FNDA:0,(anonymous_9)
FNDA:0,(anonymous_10)
FNDA:0,(anonymous_11)
FNDA:0,(anonymous_12)
DA:3,0
DA:4,0
DA:5,0
DA:8,0
DA:9,0
DA:11,0
DA:14,0
DA:19,0
DA:20,0
DA:21,0
DA:23,0
DA:27,0
DA:28,0
DA:29,0
DA:36,0
DA:37,0
DA:38,0
DA:40,0
DA:43,0
DA:48,0
DA:49,0
DA:50,0
DA:52,0
DA:53,0
DA:55,0
DA:57,0
DA:58,0
DA:60,0
DA:61,0
DA:63,0
DA:64,0
DA:66,0
DA:67,0
DA:70,0
DA:71,0
DA:76,0
DA:77,0
DA:78,0
DA:79,0
DA:84,0
DA:85,0
DA:86,0
DA:87,0
DA:88,0
DA:89,0
DA:91,0
DA:94,0
DA:95,0
DA:100,0
DA:101,0
DA:105,0
DA:106,0
DA:108,0
DA:109,0
DA:110,0
DA:111,0
DA:112,0
DA:113,0
DA:116,0
DA:117,0
DA:118,0
DA:124,0
DA:127,0
DA:128,0
DA:131,0
DA:132,0
DA:137,0
DA:138,0
DA:139,0
DA:140,0
DA:141,0
DA:142,0
DA:154,0
DA:155,0
DA:158,0
DA:159,0
DA:162,0
DA:165,0
LF:78
LH:0
BRDA:11,0,0,0
BRDA:11,0,1,0
BRDA:11,0,2,0
BRDA:11,0,3,0
BRDA:11,0,4,0
BRDA:11,0,5,0
BRDA:11,0,6,0
BRDA:11,0,7,0
BRDA:11,0,8,0
BRDA:19,1,0,0
BRDA:19,1,1,0
BRDA:19,2,0,0
BRDA:19,2,1,0
BRDA:36,3,0,0
BRDA:36,3,1,0
BRDA:50,4,0,0
BRDA:50,4,1,0
BRDA:55,5,0,0
BRDA:55,5,1,0
BRDA:55,5,2,0
BRDA:55,5,3,0
BRDA:70,6,0,0
BRDA:70,6,1,0
BRDA:70,7,0,0
BRDA:70,7,1,0
BRDA:84,8,0,0
BRDA:109,9,0,0
BRDA:109,9,1,0
BRDA:110,10,0,0
BRDA:110,10,1,0
BRDA:111,11,0,0
BRDA:111,11,1,0
BRDA:116,12,0,0
BRDA:116,12,1,0
BRDA:127,13,0,0
BRDA:127,13,1,0
BRF:36
BRH:0
end_of_record
TN:
SF:src\hooks\useAudio.js
FN:3,(anonymous_0)
FN:9,(anonymous_1)
FN:17,(anonymous_2)
FN:45,(anonymous_3)
FN:46,(anonymous_4)
FN:64,(anonymous_5)
FN:67,(anonymous_6)
FN:68,(anonymous_7)
FN:69,(anonymous_8)
FN:97,(anonymous_9)
FN:105,(anonymous_10)
FN:108,(anonymous_11)
FN:135,(anonymous_12)
FN:142,(anonymous_13)
FN:150,(anonymous_14)
FN:151,(anonymous_15)
FN:153,(anonymous_16)
FNF:17
FNH:3
FNDA:6,(anonymous_0)
FNDA:0,(anonymous_1)
FNDA:0,(anonymous_2)
FNDA:0,(anonymous_3)
FNDA:0,(anonymous_4)
FNDA:0,(anonymous_5)
FNDA:0,(anonymous_6)
FNDA:0,(anonymous_7)
FNDA:0,(anonymous_8)
FNDA:0,(anonymous_9)
FNDA:0,(anonymous_10)
FNDA:0,(anonymous_11)
FNDA:0,(anonymous_12)
FNDA:0,(anonymous_13)
FNDA:6,(anonymous_14)
FNDA:6,(anonymous_15)
FNDA:0,(anonymous_16)
DA:3,1
DA:4,6
DA:5,6
DA:6,6
DA:9,6
DA:10,0
DA:11,0
DA:13,0
DA:17,6
DA:18,0
DA:19,0
DA:20,0
DA:21,0
DA:23,0
DA:24,0
DA:26,0
DA:27,0
DA:29,0
DA:32,0
DA:33,0
DA:34,0
DA:35,0
DA:36,0
DA:38,0
DA:39,0
DA:42,0
DA:45,0
DA:46,0
DA:50,0
DA:51,0
DA:52,0
DA:53,0
DA:59,0
DA:64,6
DA:65,0
DA:67,0
DA:68,0
DA:69,0
DA:70,0
DA:71,0
DA:73,0
DA:74,0
DA:76,0
DA:77,0
DA:79,0
DA:80,0
DA:81,0
DA:82,0
DA:84,0
DA:85,0
DA:91,0
DA:92,0
DA:93,0
DA:97,6
DA:98,0
DA:101,0
DA:102,0
DA:105,0
DA:106,0
DA:108,0
DA:109,0
DA:112,0
DA:113,0
DA:114,0
DA:116,0
DA:117,0
DA:119,0
DA:120,0
DA:122,0
DA:125,0
DA:126,0
DA:127,0
DA:128,0
DA:129,0
DA:131,0
DA:132,0
DA:135,0
DA:138,0
DA:142,6
DA:143,0
DA:144,0
DA:145,0
DA:150,6
DA:151,6
DA:153,6
DA:154,0
DA:155,0
DA:162,6
DA:163,0
DA:167,6
DA:168,0
DA:173,6
LF:92
LH:15
BRDA:10,0,0,0
BRDA:10,0,1,0
BRDA:11,1,0,0
BRDA:11,1,1,0
BRDA:17,2,0,0
BRDA:50,3,0,0
BRDA:50,3,1,0
BRDA:67,4,0,0
BRDA:101,5,0,0
BRDA:101,5,1,0
BRDA:105,6,0,0
BRDA:106,7,0,0
BRDA:106,7,1,0
BRDA:143,8,0,0
BRDA:143,8,1,0
BRDA:162,9,0,0
BRDA:162,9,1,6
BRDA:167,10,0,0
BRDA:167,10,1,6
BRDA:167,11,0,6
BRDA:167,11,1,0
BRF:21
BRH:3
end_of_record
TN:
SF:src\hooks\useErrorHandling.js
FN:3,(anonymous_0)
FN:17,(anonymous_1)
FN:31,(anonymous_2)
FN:32,(anonymous_3)
FN:39,(anonymous_4)
FN:53,(anonymous_5)
FN:59,(anonymous_6)
FN:75,(anonymous_7)
FN:80,(anonymous_8)
FN:95,(anonymous_9)
FN:97,(anonymous_10)
FN:101,(anonymous_11)
FNF:12
FNH:0
FNDA:0,(anonymous_0)
FNDA:0,(anonymous_1)
FNDA:0,(anonymous_2)
FNDA:0,(anonymous_3)
FNDA:0,(anonymous_4)
FNDA:0,(anonymous_5)
FNDA:0,(anonymous_6)
FNDA:0,(anonymous_7)
FNDA:0,(anonymous_8)
FNDA:0,(anonymous_9)
FNDA:0,(anonymous_10)
FNDA:0,(anonymous_11)
DA:3,0
DA:4,0
DA:5,0
DA:6,0
DA:9,0
DA:17,0
DA:18,0
DA:20,0
DA:27,0
DA:30,0
DA:31,0
DA:32,0
DA:33,0
DA:39,0
DA:40,0
DA:42,0
DA:44,0
DA:46,0
DA:48,0
DA:53,0
DA:54,0
DA:55,0
DA:59,0
DA:60,0
DA:61,0
DA:62,0
DA:64,0
DA:65,0
DA:67,0
DA:69,0
DA:75,0
DA:76,0
DA:80,0
DA:81,0
DA:83,0
DA:91,0
DA:95,0
DA:96,0
DA:97,0
DA:98,0
DA:101,0
DA:105,0
LF:42
LH:0
BRDA:17,0,0,0
BRDA:30,1,0,0
BRDA:30,1,1,0
BRDA:30,2,0,0
BRDA:30,2,1,0
BRDA:40,3,0,0
BRDA:40,3,1,0
BRDA:40,3,2,0
BRDA:40,3,3,0
BRDA:48,4,0,0
BRDA:48,4,1,0
BRDA:60,5,0,0
BRDA:60,5,1,0
BRDA:60,6,0,0
BRDA:60,6,1,0
BRDA:96,7,0,0
BRDA:96,7,1,0
BRDA:96,8,0,0
BRDA:96,8,1,0
BRF:19
BRH:0
end_of_record
TN:
SF:src\hooks\useGameLoop.js
FN:4,(anonymous_0)
FN:23,(anonymous_1)
FN:57,(anonymous_2)
FN:58,(anonymous_3)
FN:61,(anonymous_4)
FN:94,(anonymous_5)
FN:100,(anonymous_6)
FN:108,(anonymous_7)
FN:115,(anonymous_8)
FN:120,(anonymous_9)
FNF:10
FNH:0
FNDA:0,(anonymous_0)
FNDA:0,(anonymous_1)
FNDA:0,(anonymous_2)
FNDA:0,(anonymous_3)
FNDA:0,(anonymous_4)
FNDA:0,(anonymous_5)
FNDA:0,(anonymous_6)
FNDA:0,(anonymous_7)
FNDA:0,(anonymous_8)
FNDA:0,(anonymous_9)
DA:4,0
DA:19,0
DA:20,0
DA:21,0
DA:23,0
DA:24,0
DA:26,0
DA:29,0
DA:30,0
DA:33,0
DA:35,0
DA:36,0
DA:37,0
DA:49,0
DA:50,0
DA:53,0
DA:57,0
DA:58,0
DA:63,0
DA:64,0
DA:65,0
DA:67,0
DA:69,0
DA:74,0
DA:77,0
DA:94,0
DA:95,0
DA:97,0
DA:100,0
DA:101,0
DA:102,0
DA:108,0
DA:109,0
DA:110,0
DA:114,0
DA:116,0
DA:117,0
DA:121,0
DA:122,0
DA:123,0
LF:40
LH:0
BRDA:24,0,0,0
BRDA:24,0,1,0
BRDA:24,1,0,0
BRDA:24,1,1,0
BRDA:24,1,2,0
BRDA:29,2,0,0
BRDA:29,2,1,0
BRDA:33,3,0,0
BRDA:33,3,1,0
BRDA:35,4,0,0
BRDA:35,4,1,0
BRDA:35,5,0,0
BRDA:35,5,1,0
BRDA:36,6,0,0
BRDA:36,6,1,0
BRDA:42,7,0,0
BRDA:42,7,1,0
BRDA:63,8,0,0
BRDA:63,8,1,0
BRDA:64,9,0,0
BRDA:64,9,1,0
BRDA:95,10,0,0
BRDA:95,10,1,0
BRDA:95,11,0,0
BRDA:95,11,1,0
BRDA:95,11,2,0
BRDA:101,12,0,0
BRDA:101,12,1,0
BRDA:109,13,0,0
BRDA:109,13,1,0
BRDA:116,14,0,0
BRDA:116,14,1,0
BRDA:121,15,0,0
BRDA:121,15,1,0
BRF:34
BRH:0
end_of_record
TN:
SF:src\hooks\useGameState.js
FN:3,(anonymous_0)
FN:19,(anonymous_1)
FNF:2
FNH:2
FNDA:7,(anonymous_0)
FNDA:1,(anonymous_1)
DA:3,1
DA:4,7
DA:5,7
DA:6,7
DA:7,7
DA:8,7
DA:9,7
DA:10,7
DA:11,7
DA:12,7
DA:13,7
DA:14,7
DA:15,7
DA:16,7
DA:17,7
DA:19,7
DA:20,1
DA:21,1
DA:22,1
DA:23,1
DA:24,1
DA:25,1
DA:26,1
DA:27,1
DA:28,1
DA:29,1
DA:30,1
DA:31,1
DA:32,1
DA:33,1
DA:36,7
LF:31
LH:31
BRF:0
BRH:0
end_of_record
TN:
SF:src\hooks\useMobileOptimization.js
FN:3,(anonymous_0)
FN:10,(anonymous_1)
FN:11,(anonymous_2)
FN:23,(anonymous_3)
FN:27,(anonymous_4)
FN:28,(anonymous_5)
FN:36,(anonymous_6)
FN:43,(anonymous_7)
FN:47,(anonymous_8)
FN:57,(anonymous_9)
FN:64,(anonymous_10)
FN:92,(anonymous_11)
FN:107,(anonymous_12)
FN:123,(anonymous_13)
FN:127,(anonymous_14)
FN:128,(anonymous_15)
FN:135,(anonymous_16)
FN:145,(anonymous_17)
FNF:18
FNH:0
FNDA:0,(anonymous_0)
FNDA:0,(anonymous_1)
FNDA:0,(anonymous_2)
FNDA:0,(anonymous_3)
FNDA:0,(anonymous_4)
FNDA:0,(anonymous_5)
FNDA:0,(anonymous_6)
FNDA:0,(anonymous_7)
FNDA:0,(anonymous_8)
FNDA:0,(anonymous_9)
FNDA:0,(anonymous_10)
FNDA:0,(anonymous_11)
FNDA:0,(anonymous_12)
FNDA:0,(anonymous_13)
FNDA:0,(anonymous_14)
FNDA:0,(anonymous_15)
FNDA:0,(anonymous_16)
FNDA:0,(anonymous_17)
DA:3,0
DA:4,0
DA:5,0
DA:6,0
DA:7,0
DA:10,0
DA:11,0
DA:12,0
DA:13,0
DA:14,0
DA:16,0
DA:17,0
DA:18,0
DA:21,0
DA:22,0
DA:23,0
DA:27,0
DA:28,0
DA:29,0
DA:32,0
DA:33,0
DA:34,0
DA:36,0
DA:37,0
DA:38,0
DA:43,0
DA:44,0
DA:47,0
DA:48,0
DA:49,0
DA:54,0
DA:55,0
DA:57,0
DA:58,0
DA:59,0
DA:64,0
DA:65,0
DA:66,0
DA:75,0
DA:83,0
DA:84,0
DA:85,0
DA:88,0
DA:92,0
DA:93,0
DA:95,0
DA:103,0
DA:107,0
DA:108,0
DA:111,0
DA:112,0
DA:113,0
DA:114,0
DA:115,0
DA:119,0
DA:123,0
DA:124,0
DA:126,0
DA:127,0
DA:128,0
DA:129,0
DA:130,0
DA:131,0
DA:135,0
DA:136,0
DA:137,0
DA:138,0
DA:145,0
DA:146,0
DA:147,0
DA:148,0
DA:152,0
LF:72
LH:0
BRDA:12,0,0,0
BRDA:12,0,1,0
BRDA:12,0,2,0
BRDA:14,1,0,0
BRDA:14,1,1,0
BRDA:18,2,0,0
BRDA:18,2,1,0
BRDA:29,3,0,0
BRDA:29,3,1,0
BRDA:44,4,0,0
BRDA:44,4,1,0
BRDA:48,5,0,0
BRDA:48,5,1,0
BRDA:65,6,0,0
BRDA:65,6,1,0
BRDA:76,7,0,0
BRDA:76,7,1,0
BRDA:77,8,0,0
BRDA:77,8,1,0
BRDA:83,9,0,0
BRDA:83,9,1,0
BRDA:83,10,0,0
BRDA:83,10,1,0
BRDA:92,11,0,0
BRDA:93,12,0,0
BRDA:93,12,1,0
BRDA:93,13,0,0
BRDA:93,13,1,0
BRDA:103,14,0,0
BRDA:103,14,1,0
BRDA:108,15,0,0
BRDA:108,15,1,0
BRDA:112,16,0,0
BRDA:112,16,1,0
BRDA:124,17,0,0
BRDA:124,17,1,0
BRDA:130,18,0,0
BRDA:130,18,1,0
BRDA:137,19,0,0
BRDA:137,19,1,0
BRDA:146,20,0,0
BRDA:146,20,1,0
BRF:42
BRH:0
end_of_record
TN:
SF:src\hooks\usePerformanceOptimizedAudio.js
FN:4,(anonymous_0)
FN:13,(anonymous_1)
FN:26,(anonymous_2)
FN:43,(anonymous_3)
FN:44,(anonymous_4)
FN:53,(anonymous_5)
FN:63,(anonymous_6)
FN:83,(anonymous_7)
FN:93,(anonymous_8)
FN:113,(anonymous_9)
FN:114,(anonymous_10)
FN:119,(anonymous_11)
FN:130,(anonymous_12)
FN:131,(anonymous_13)
FN:132,(anonymous_14)
FN:147,(anonymous_15)
FN:163,(anonymous_16)
FN:171,(anonymous_17)
FN:173,(anonymous_18)
FN:199,(anonymous_19)
FN:203,(anonymous_20)
FN:210,(anonymous_21)
FN:218,(anonymous_22)
FN:223,(anonymous_23)
FN:224,(anonymous_24)
FN:226,(anonymous_25)
FNF:26
FNH:0
FNDA:0,(anonymous_0)
FNDA:0,(anonymous_1)
FNDA:0,(anonymous_2)
FNDA:0,(anonymous_3)
FNDA:0,(anonymous_4)
FNDA:0,(anonymous_5)
FNDA:0,(anonymous_6)
FNDA:0,(anonymous_7)
FNDA:0,(anonymous_8)
FNDA:0,(anonymous_9)
FNDA:0,(anonymous_10)
FNDA:0,(anonymous_11)
FNDA:0,(anonymous_12)
FNDA:0,(anonymous_13)
FNDA:0,(anonymous_14)
FNDA:0,(anonymous_15)
FNDA:0,(anonymous_16)
FNDA:0,(anonymous_17)
FNDA:0,(anonymous_18)
FNDA:0,(anonymous_19)
FNDA:0,(anonymous_20)
FNDA:0,(anonymous_21)
FNDA:0,(anonymous_22)
FNDA:0,(anonymous_23)
FNDA:0,(anonymous_24)
FNDA:0,(anonymous_25)
DA:4,0
DA:5,0
DA:6,0
DA:7,0
DA:8,0
DA:9,0
DA:10,0
DA:13,0
DA:14,0
DA:15,0
DA:18,0
DA:19,0
DA:22,0
DA:26,0
DA:27,0
DA:28,0
DA:29,0
DA:30,0
DA:31,0
DA:32,0
DA:34,0
DA:43,0
DA:44,0
DA:45,0
DA:46,0
DA:47,0
DA:49,0
DA:53,0
DA:54,0
DA:55,0
DA:57,0
DA:58,0
DA:63,0
DA:64,0
DA:65,0
DA:66,0
DA:68,0
DA:70,0
DA:71,0
DA:72,0
DA:73,0
DA:75,0
DA:76,0
DA:79,0
DA:80,0
DA:83,0
DA:84,0
DA:88,0
DA:93,0
DA:94,0
DA:95,0
DA:97,0
DA:100,0
DA:101,0
DA:102,0
DA:103,0
DA:104,0
DA:106,0
DA:107,0
DA:110,0
DA:113,0
DA:114,0
DA:119,0
DA:120,0
DA:121,0
DA:123,0
DA:125,0
DA:128,0
DA:130,0
DA:131,0
DA:132,0
DA:133,0
DA:134,0
DA:135,0
DA:136,0
DA:137,0
DA:139,0
DA:140,0
DA:141,0
DA:142,0
DA:144,0
DA:145,0
DA:147,0
DA:154,0
DA:155,0
DA:156,0
DA:159,0
DA:163,0
DA:164,0
DA:167,0
DA:168,0
DA:171,0
DA:172,0
DA:173,0
DA:174,0
DA:177,0
DA:178,0
DA:180,0
DA:181,0
DA:183,0
DA:184,0
DA:186,0
DA:189,0
DA:190,0
DA:191,0
DA:192,0
DA:193,0
DA:195,0
DA:196,0
DA:199,0
DA:203,0
DA:206,0
DA:210,0
DA:211,0
DA:212,0
DA:213,0
DA:218,0
DA:219,0
DA:223,0
DA:224,0
DA:226,0
DA:227,0
DA:228,0
DA:235,0
DA:236,0
DA:240,0
DA:241,0
DA:245,0
DA:249,0
LF:129
LH:0
BRDA:14,0,0,0
BRDA:14,0,1,0
BRDA:15,1,0,0
BRDA:15,1,1,0
BRDA:18,2,0,0
BRDA:18,2,1,0
BRDA:45,3,0,0
BRDA:45,3,1,0
BRDA:54,4,0,0
BRDA:54,4,1,0
BRDA:63,5,0,0
BRDA:68,6,0,0
BRDA:68,6,1,0
BRDA:123,7,0,0
BRDA:123,7,1,0
BRDA:130,8,0,0
BRDA:134,9,0,0
BRDA:134,9,1,0
BRDA:167,10,0,0
BRDA:167,10,1,0
BRDA:171,11,0,0
BRDA:172,12,0,0
BRDA:172,12,1,0
BRDA:180,13,0,0
BRDA:180,13,1,0
BRDA:211,14,0,0
BRDA:211,14,1,0
BRDA:235,15,0,0
BRDA:235,15,1,0
BRDA:240,16,0,0
BRDA:240,16,1,0
BRDA:240,17,0,0
BRDA:240,17,1,0
BRF:33
BRH:0
end_of_record
TN:
SF:src\hooks\usePowerUps.js
FN:3,(anonymous_0)
FN:21,(anonymous_1)
FN:22,(anonymous_2)
FN:23,(anonymous_3)
FN:25,(anonymous_4)
FN:40,(anonymous_5)
FN:44,(anonymous_6)
FN:57,(anonymous_7)
FN:62,(anonymous_8)
FN:63,(anonymous_9)
FN:63,(anonymous_10)
FN:67,(anonymous_11)
FN:70,(anonymous_12)
FN:76,(anonymous_13)
FN:82,(anonymous_14)
FN:88,(anonymous_15)
FN:106,(anonymous_16)
FN:107,(anonymous_17)
FN:107,(anonymous_18)
FN:110,(anonymous_19)
FN:114,(anonymous_20)
FNF:21
FNH:0
FNDA:0,(anonymous_0)
FNDA:0,(anonymous_1)
FNDA:0,(anonymous_2)
FNDA:0,(anonymous_3)
FNDA:0,(anonymous_4)
FNDA:0,(anonymous_5)
FNDA:0,(anonymous_6)
FNDA:0,(anonymous_7)
FNDA:0,(anonymous_8)
FNDA:0,(anonymous_9)
FNDA:0,(anonymous_10)
FNDA:0,(anonymous_11)
FNDA:0,(anonymous_12)
FNDA:0,(anonymous_13)
FNDA:0,(anonymous_14)
FNDA:0,(anonymous_15)
FNDA:0,(anonymous_16)
FNDA:0,(anonymous_17)
FNDA:0,(anonymous_18)
FNDA:0,(anonymous_19)
FNDA:0,(anonymous_20)
DA:3,0
DA:4,0
DA:5,0
DA:12,0
DA:21,0
DA:22,0
DA:23,0
DA:24,0
DA:25,0
DA:26,0
DA:27,0
DA:28,0
DA:29,0
DA:30,0
DA:31,0
DA:36,0
DA:40,0
DA:44,0
DA:45,0
DA:46,0
DA:47,0
DA:49,0
DA:57,0
DA:62,0
DA:63,0
DA:65,0
DA:67,0
DA:68,0
DA:70,0
DA:74,0
DA:76,0
DA:80,0
DA:82,0
DA:86,0
DA:88,0
DA:92,0
DA:94,0
DA:98,0
DA:99,0
DA:101,0
DA:106,0
DA:107,0
DA:110,0
DA:114,0
DA:115,0
DA:116,0
DA:123,0
LF:47
LH:0
BRDA:26,0,0,0
BRDA:26,0,1,0
BRDA:26,1,0,0
BRDA:26,1,1,0
BRDA:28,2,0,0
BRDA:28,2,1,0
BRDA:30,3,0,0
BRDA:30,3,1,0
BRDA:45,4,0,0
BRDA:45,4,1,0
BRDA:65,5,0,0
BRDA:65,5,1,0
BRDA:65,5,2,0
BRDA:65,5,3,0
BRDA:65,5,4,0
BRDA:65,5,5,0
BRF:16
BRH:0
end_of_record
TN:
SF:src\store\celebrationStore.js
FN:3,(anonymous_0)
FN:6,(anonymous_1)
FN:7,(anonymous_2)
FNF:3
FNH:1
FNDA:3,(anonymous_0)
FNDA:0,(anonymous_1)
FNDA:0,(anonymous_2)
DA:3,3
DA:6,0
DA:7,0
LF:3
LH:1
BRF:0
BRH:0
end_of_record
TN:
SF:src\utils\fileSystem.js
FN:12,(anonymous_0)
FN:23,(anonymous_1)
FN:41,(anonymous_2)
FN:58,(anonymous_3)
FNF:4
FNH:0
FNDA:0,(anonymous_0)
FNDA:0,(anonymous_1)
FNDA:0,(anonymous_2)
FNDA:0,(anonymous_3)
DA:10,0
DA:12,0
DA:13,0
DA:14,0
DA:15,0
DA:16,0
DA:18,0
DA:19,0
DA:23,0
DA:24,0
DA:25,0
DA:26,0
DA:27,0
DA:29,0
DA:34,0
DA:36,0
DA:37,0
DA:41,0
DA:42,0
DA:43,0
DA:51,0
DA:53,0
DA:54,0
DA:58,0
DA:59,0
DA:60,0
DA:65,0
DA:66,0
DA:67,0
DA:68,0
DA:69,0
DA:70,0
DA:72,0
DA:75,0
LF:34
LH:0
BRDA:16,0,0,0
BRDA:16,0,1,0
BRDA:65,1,0,0
BRDA:65,1,1,0
BRDA:65,2,0,0
BRDA:65,2,1,0
BRDA:68,3,0,0
BRDA:68,3,1,0
BRDA:68,4,0,0
BRDA:68,4,1,0
BRF:10
BRH:0
end_of_record
TN:
SF:src\utils\mediaLoader.js
FN:2,(anonymous_0)
FN:52,(anonymous_1)
FN:79,(anonymous_2)
FNF:3
FNH:3
FNDA:14,(anonymous_0)
FNDA:560,(anonymous_1)
FNDA:6,(anonymous_2)
DA:2,4
DA:3,14
DA:4,14
DA:5,14
DA:8,14
DA:52,14
DA:53,560
DA:62,14
DA:69,14
DA:70,13
DA:72,1
DA:74,1
DA:79,4
DA:80,6
DA:81,6
LF:15
LH:15
BRDA:84,0,0,6
BRDA:84,0,1,5
BRF:2
BRH:2
end_of_record
TN:
SF:src\utils\mediaUtils.js
FN:2,(anonymous_0)
FN:3,(anonymous_1)
FN:5,(anonymous_2)
FN:15,(anonymous_3)
FN:16,(anonymous_4)
FN:18,(anonymous_5)
FN:29,(anonymous_6)
FN:30,(anonymous_7)
FN:35,(anonymous_8)
FN:48,(anonymous_9)
FN:53,(anonymous_10)
FN:59,(anonymous_11)
FN:60,(anonymous_12)
FNF:13
FNH:0
FNDA:0,(anonymous_0)
FNDA:0,(anonymous_1)
FNDA:0,(anonymous_2)
FNDA:0,(anonymous_3)
FNDA:0,(anonymous_4)
FNDA:0,(anonymous_5)
FNDA:0,(anonymous_6)
FNDA:0,(anonymous_7)
FNDA:0,(anonymous_8)
FNDA:0,(anonymous_9)
FNDA:0,(anonymous_10)
FNDA:0,(anonymous_11)
FNDA:0,(anonymous_12)
DA:2,0
DA:3,0
DA:4,0
DA:5,0
DA:6,0
DA:11,0
DA:15,0
DA:16,0
DA:17,0
DA:18,0
DA:19,0
DA:24,0
DA:29,0
DA:30,0
DA:31,0
DA:32,0
DA:33,0
DA:35,0
DA:36,0
DA:37,0
DA:38,0
DA:39,0
DA:42,0
DA:43,0
DA:48,0
DA:49,0
DA:50,0
DA:53,0
DA:54,0
DA:55,0
DA:59,0
DA:60,0
DA:62,0
DA:63,0
DA:64,0
LF:35
LH:0
BRF:0
BRH:0
end_of_record
TN:
SF:src\utils\performance.js
FN:4,(anonymous_0)
FN:6,executedFunction
FN:7,(anonymous_2)
FN:17,(anonymous_3)
FN:19,(anonymous_4)
FN:25,(anonymous_5)
FN:31,(anonymous_6)
FN:33,(anonymous_7)
FN:45,(anonymous_8)
FN:52,(anonymous_9)
FN:76,(anonymous_10)
FN:106,(anonymous_11)
FN:116,(anonymous_12)
FN:121,(anonymous_13)
FN:128,(anonymous_14)
FN:129,(anonymous_15)
FN:130,(anonymous_16)
FNF:17
FNH:10
FNDA:1,(anonymous_0)
FNDA:3,executedFunction
FNDA:1,(anonymous_2)
FNDA:1,(anonymous_3)
FNDA:4,(anonymous_4)
FNDA:1,(anonymous_5)
FNDA:1,(anonymous_6)
FNDA:3,(anonymous_7)
FNDA:0,(anonymous_8)
FNDA:2,(anonymous_9)
FNDA:1,(anonymous_10)
FNDA:0,(anonymous_11)
FNDA:0,(anonymous_12)
FNDA:0,(anonymous_13)
FNDA:0,(anonymous_14)
FNDA:0,(anonymous_15)
FNDA:0,(anonymous_16)
DA:4,1
DA:6,1
DA:7,3
DA:8,1
DA:9,1
DA:11,3
DA:12,3
DA:17,1
DA:19,1
DA:20,4
DA:21,4
DA:22,4
DA:23,2
DA:24,2
DA:25,2
DA:31,1
DA:32,1
DA:33,1
DA:34,3
DA:35,3
DA:36,1
DA:38,2
DA:39,2
DA:40,2
DA:45,1
DA:46,0
DA:47,0
DA:48,0
DA:52,1
DA:53,2
DA:54,2
DA:56,2
DA:58,0
DA:59,0
DA:60,0
DA:62,0
DA:63,0
DA:68,0
DA:69,0
DA:72,0
DA:76,1
DA:77,1
DA:79,1
DA:81,0
DA:88,0
DA:96,1
DA:106,1
DA:108,0
DA:109,0
DA:111,0
DA:116,1
DA:117,0
DA:118,0
DA:120,0
DA:122,0
DA:123,0
DA:124,0
DA:126,0
DA:128,0
DA:129,0
DA:130,0
LF:61
LH:35
BRDA:22,0,0,2
BRDA:22,0,1,2
BRDA:35,1,0,1
BRDA:35,1,1,2
BRDA:47,2,0,0
BRDA:47,2,1,0
BRDA:54,3,0,2
BRDA:54,3,1,2
BRDA:56,4,0,2
BRDA:56,4,1,0
BRDA:59,5,0,0
BRDA:59,5,1,0
BRDA:62,6,0,0
BRDA:62,6,1,0
BRDA:62,7,0,0
BRDA:62,7,1,0
BRDA:62,7,2,0
BRDA:68,8,0,0
BRDA:68,8,1,0
BRDA:68,9,0,0
BRDA:68,9,1,0
BRDA:79,10,0,0
BRDA:79,10,1,0
BRDA:79,10,2,1
BRDA:79,10,3,1
BRDA:108,11,0,0
BRDA:108,11,1,0
BRDA:108,12,0,0
BRDA:108,12,1,0
BRDA:109,13,0,0
BRDA:109,13,1,0
BRDA:122,14,0,0
BRDA:122,14,1,0
BRF:33
BRH:9
end_of_record
